<?xml version="1.0" encoding="UTF-8"?>
<testng-results ignored="0" total="1" passed="1" failed="0" skipped="0">
  <reporter-output>
  </reporter-output>
  <suite started-at="2024-05-01T15:55:33 MYT" name="Surefire suite" finished-at="2024-05-01T15:55:50 MYT" duration-ms="16738">
    <groups>
    </groups>
    <test started-at="2024-05-01T15:55:33 MYT" name="Surefire test" finished-at="2024-05-01T15:55:50 MYT" duration-ms="16738">
      <class name="com.example.FlipkartElementTest">
        <test-method is-config="true" signature="setUp()[pri:0, instance:com.example.FlipkartElementTest@6e2c9341]" started-at="2024-05-01T15:55:33 MYT" name="setUp" finished-at="2024-05-01T15:55:36 MYT" duration-ms="2766" status="PASS">
          <reporter-output>
          </reporter-output>
        </test-method> <!-- setUp -->
        <test-method signature="AllListElements()[pri:0, instance:com.example.FlipkartElementTest@6e2c9341]" started-at="2024-05-01T15:55:36 MYT" name="AllListElements" finished-at="2024-05-01T15:55:50 MYT" duration-ms="13762" status="PASS">
          <reporter-output>
          </reporter-output>
        </test-method> <!-- AllListElements -->
        <test-method is-config="true" signature="tearDown()[pri:0, instance:com.example.FlipkartElementTest@6e2c9341]" started-at="2024-05-01T15:55:50 MYT" name="tearDown" finished-at="2024-05-01T15:55:50 MYT" duration-ms="149" status="PASS">
          <reporter-output>
          </reporter-output>
        </test-method> <!-- tearDown -->
      </class> <!-- com.example.FlipkartElementTest -->
    </test> <!-- Surefire test -->
  </suite> <!-- Surefire suite -->
</testng-results>
