<?xml version="1.0" encoding="UTF-8"?>
<testsuite xmlns:xsi="http://www.w3.org/2001/XMLSchema-instance" xsi:noNamespaceSchemaLocation="https://maven.apache.org/surefire/maven-surefire-plugin/xsd/surefire-test-report-3.0.xsd" version="3.0" name="com.example.FlipkartElementTest" time="17.048" tests="1" errors="0" skipped="0" failures="0">
  <properties>
[...]
</properties>
  <testcase name="AllListElements" classname="com.example.FlipkartElementTest" time="13.763">
    <system-out><![CDATA[Number of elements found: 1250
Tag Name: html, Text: Search Icon
Login
Login
Cart
Become a Seller
Grocery
Mobiles
Fashion
Electronics
Home & Furniture
Appliances
Travel
Beauty, Toys & More
Two Wheelers
Best of Electronics
Best Truewireless Headphones
Grab Now
Printers
From ₹2336
Top Selling Dell Keyboard
From ₹229
Best Selling Mobile Speakers
From ₹499*
boAt Smartwatches
From ₹1,099
Printers
From ₹3999
Beauty, Food, Toys & more
Top Selling Stationery
From ₹49
Electric Cycle
Up to 40% Off
Food Spreads
Upto 75% Off
Best of Action Toys
Up to 70% Off
Non-Geared Cycles
Up to 40% Off
Microphones
Up to 70% off
Coffee Powder
Upto 80% Off
Most Shopped on FK
Men's T-shirts
Special offer
Laptop Bags
Min. 70% Off
Women's Ethnic Sets
Min. 50% Off
Suitcases
Min. 70% Off
Hang on, loading content
Top Stories :Brand Directory
MOST SEARCHED FOR ON FLIPKART:iPhone 15iPhone 15 PlusiPhone 15 ProiPhone 15 Pro MaxVivo x 100Spoyl StoreSAMSUNG Flip5SAMSUNG Fold5Flipkart Axis Bank Super Elite Credit card5G Mobile PhonesPrimebook LaptopsMoto Edge 40Grievance RedressalOPPO Reno7 Pro 5GiPhone 13Help CentreTrack OrdersManage OrdersReturn OrdersGift Cards StoreFlipkart Axis Bank Credit CardPay Later
MOBILESRedmi 12 5GRealme 12+ 5GMotorola G84Realme C53Infinix Smart 8Samsung Galaxy S23 5GSamsung Galaxy S21 FE 5G Qualcommvivo V30Samsung Galaxy S24 5GSamsung Galaxy S24+ 5GiPhone 12 64GBiPhone 12 Pro 512GBiPhone 12 128GBVivo Y15SAMSUNG Galaxy S21 FE 5GInfinix HOT 30iRealme 10 Pro 5GMOTOROLA G62 5GNothing PhoneREDMI Note 12 Pro 5GInfinix SMART 7Vivo Y12Oppo A12Motorola 5g PhoneRealme 5g SmartphoneApple 5g PhoneIqoo 5g PhonesOneplus 5g PhonesVivo 5g PhonesOppo 5g Smart PhonesOppo F15Oppo A31Samsung A71Samsung A51Samsung A31iPhone 11iPhone 11 Pro4G MobileNokia MobileSamsung MobileiphoneOppo MobileVivo Mobile
CAMERAGoPro Action CameraNikon CameraCanon CameraSony CameraCanon DSLRNikon DSLR
LAPTOPSAsus ROG AllyMacBook Pro M2Premium LaptopASUS ROG Strix SCAR 16 (2023) Core i9 13th GenASUS ROG Zephyrus M16 (2023) Core i9 13th GenASUS Zenbook 14 OLED (2022)Realme Book Prime Core i5 11th GenMicrosoft Surface Go Pentium 128GBApple LaptopsAcer LaptopsLenovo LaptopsDell LaptopsAsus LaptopsHP LaptopsGaming Laptops2 in 1 LaptopsLaptopsDell latest laptops 2022HP latest laptops 2022Infinix INBook Y1 PlusSAMSUNG Galaxy Book312th Gen Intel Core Laptops
TVSNokia TVPanasonic TVThomson TVMi X ProRealme TVMotorola TVOnePlus TVsLG TVTVSony TVSamsung TVAndroid TelevisionIffalcon TvMi TV
LARGE APPLIANCES:TelevisionWashing MachinesRefrigeratorsAir ConditionersElectric CookersElectric Jug(Heater) / Travel KettlesInduction CooktopsInverters / stabilizerIrons / Iron BoxMixer Grinder JuicerWet GrindersChimneysMicrowave OvensVacuum CleanersWater PurifierFan
CLOTHINGGreen bridal lehengaTopsShoesSunglassesBridal BlouseHalf saree blouse designsDesigner blousesBlouse designsShirtsCotton saree blouse designsTshirtsJeansSareesDressesOne piecesGroom wedding sherwaniDesigner Salwar SuitsBraCotton simple blouse designsBanarasi saree blouse designsStylish blouse astin designTrack PantBlouse neck designsKurtasParty DressesPalazzo SuitsAnarkaliGownsCut out dressSalwar SuitsKurtisDesigner SareesLeggingsShortsGeorgette SareesEthnic Wearuppada pattu sareesBlouse back designJodhpur pants
FOOTWEAR:Adidas ShoesReebok ShoesNike ShoesPuma ShoesBootsBata ShoesWoodland ShoesSkechers ShoesSneakersWomens BootsSports ShoesLoafersSandalsLotto Sports ShoesCasual ShoesWomens Skechers ShoesAsics Sports ShoesFormal ShoesSchool Shoes
GROCERIESPhonePe Grocery VoucherHand WashSoapCashew NutsSunflower OilEggsToilet CleanerHarpic Toilet CleanerDettol SoapMustard OilBiscuitsCheesePatanjali AttaFortune OilAashirvaad AttaTea
BEST SELLING ON FLIPKARTHeadphonesBest Gas GeyserKitchen GeyserNutri BlendersPortable Air CoolerBest Air CoolerBagsHitachi Refrigerator 3 DoorBooksToysCandlesHelmetsWall ClocksBaby FoodChocolatesCyclesCalculatorsLipsticksMaskVertiv UPSFastrack WatchesWalletsEarringsGold CoinsRealme Pad MiniHandbagsconekt SW2 SmartwatchMivi DuoPods a350Speaker Cleaner
FURNITUREFurnitureSofasBedsDining setsWardrobesMattressesTV UnitsTablesChairsShelvesBean BagsOffice ChairsComputer TableOffice TablesRed SofaWakefit BedsWhite SofaWakefit MattressGreen SofaBlack SofaBrown Sofa
BGMH:Whey ProteinHomeopathyCricketCyclesFootballsTreadmillsChristmas GiftsFitness AccessoriesOnline GuitarBooks StoreMusical Instrument StoreDabur ChyawanprashBaidyanath ChyawanprashEnergy DrinksToysMilk Drink MixesRakhiChyawanprashIndian FlagProtein Supplements
Flipkart: The One-stop Shopping Destination
E-commerce is revolutionizing the way we all shop in India. Why do you want to hop from one store to another in search of the latest phone when you can find it on the Internet in a single click? Not only mobiles. Flipkart houses everything you can possibly imagine, from trending electronics like laptops, tablets, smartphones, and mobile accessories to in-vogue fashion staples like shoes, clothing and lifestyle accessories; from modern furniture like sofa sets, dining tables, and wardrobes to appliances that make your life easy like washing machines, TVs, ACs, mixer grinder juicers and other time-saving kitchen and small appliances; from home furnishings like cushion covers, mattresses and bedsheets to toys and musical instruments, we got them all covered. You name it, and you can stay assured about finding them all here. For those of you with erratic working hours, Flipkart is your best bet. Shop in your PJs, at night or in the wee hours of the morning. This e-commerce never shuts down.

What's more, with our year-round shopping festivals and events, our prices are irresistible. We're sure you'll find yourself picking up more than what you had in mind. If you are wondering why you should shop from Flipkart when there are multiple options available to you, well, the below will answer your question.

Flipkart Plus
A world of limitless possibilities awaits you - Flipkart Plus was kickstarted as a loyalty reward programme for all its regular customers at zero subscription fee. All you need is 500 supercoins to be a part of this service. For every 100 rupees spent on Flipkart order, Plus members earns 4 supercoins & non-plus members earn 2 supercoins. Free delivery, early access during sales and shopping festivals, exchange offers and priority customer service are the top benefits to a Flipkart Plus member. In short, earn more when you shop more!

What's more, you can even use the Flipkart supercoins for a number of exciting services, like:
An annual Zomato Gold membership
An annual Hotstar Premium membership
6 months Gaana plus subscription
Rupees 550 instant discount on flights on ixigo
Check out https://www.flipkart.com/plus/all-offers for the entire list. Terms and conditions apply.

No Cost EMI
In an attempt to make high-end products accessible to all, our No Cost EMI plan enables you to shop with us under EMI, without shelling out any processing fee. Applicable on select mobiles, laptops, large and small appliances, furniture, electronics and watches, you can now shop without burning a hole in your pocket. If you've been eyeing a product for a long time, chances are it may be up for a no cost EMI. Take a look ASAP! Terms and conditions apply.

EMI on Debit Cards
Did you know debit card holders account for 79.38 crore in the country, while there are only 3.14 crore credit card holders? After enabling EMI on Credit Cards, in another attempt to make online shopping accessible to everyone, Flipkart introduces EMI on Debit Cards, empowering you to shop confidently with us without having to worry about pauses in monthly cash flow. At present, we have partnered with Axis Bank, HDFC Bank, State Bank of India and ICICI Bank for this facility. More power to all our shoppers! Terms and conditions apply.

Mobile Exchange Offers
Get an instant discount on the phone that you have been eyeing on. Exchange your old mobile for a new one after the Flipkart experts calculate the value of your old phone, provided it is in a working condition without damage to the screen. If a phone is applicable for an exchange offer, you will see the 'Buy with Exchange' option on the product description of the phone. So, be smart, always opt for an exchange wherever possible. Terms and conditions apply.

What Can You Buy From Flipkart?
Mobile Phones
From budget phones to state-of-the-art smartphones, we have a mobile for everybody out there. Whether you're looking for larger, fuller screens, power-packed batteries, blazing-fast processors, beautification apps, high-tech selfie cameras or just large internal space, we take care of all the essentials. Shop from top brands in the country like Samsung, Apple, Oppo, Xiaomi, Realme, Vivo, and Honor to name a few. Rest assured, you're buying from only the most reliable names in the market. What's more, with Flipkart's Complete Mobile Protection Plan, you will never again find the need to run around service centres. This plan entails you to a number of post-purchase solutions, starting at as low as Rupees 99 only! Broken screens, liquid damage to phone, hardware and software glitches, and replacements - the Flipkart Complete Mobile Protection covers a comprehensive range of post-purchase problems, with door-to-door services.

Electronic Devices and Accessories
When it comes to laptops, we are not far behind. Filter among dozens of super-fast operating systems, hard disk capacity, RAM, lifestyle, screen size and many other criterias for personalized results in a flash. All you students out there, confused about what laptop to get? Our Back To College Store segregates laptops purpose wise (gaming, browsing and research, project work, entertainment, design, multitasking) with recommendations from top brands and industry experts, facilitating a shopping experience that is quicker and simpler.

Photography lovers, you couldn't land at a better page than ours. Cutting-edge DSLR cameras, ever reliable point-and-shoot cameras, millennial favourite instant cameras or action cameras for adventure junkies: our range of cameras is as much for beginners as it is for professionals. Canon, Nikon, GoPro, Sony, and Fujifilm are some big names you'll find in our store. Photography lovers, you couldn't land at a better page than ours. Cutting-edge DSLR cameras, ever reliable point-and-shoot cameras, millennial favourite instant cameras or action cameras for adventure junkies: our range of cameras is as much for beginners as it is for professionals. Canon, Nikon, GoPro, Sony, and Fujifilm are some big names you'll find in our store.

Turn your home into a theatre with a stunning surround sound system. Choose from our elaborate range of Sony home theatres, JBL soundbars and Philips tower speakers for an experience to remember.

How about jazzing up your phone with our quirky designer cases and covers? Our wide-ranging mobile accessories starting from headphones, power banks, memory cards, mobile chargers, to selfie sticks can prove to be ideal travel companions for you and your phone; never again worry about running out of charge or memory on your next vacation.

Large Appliances
Sleek TVs, power-saving refrigerators, rapid-cooling ACs, resourceful washing machines - discover everything you need to run a house under one roof. Our Dependable TV and Appliance Store ensures zero transit damage, with a replacement guarantee if anything goes wrong; delivery and installation as per your convenience and a double warranty (Official Brand Warranty along with an extended Flipkart Warranty) - rest assured, value for money is what is promised and delivered. Shop from market leaders in the country like Samsung, LG, Whirlpool, Midea, Mi, Vu, Panasonic, Godrej, Sony, Daikin, and Hitachi among many others.

For certain product categories, Customers meeting the eligibility criteria will have the option to buy larger quantities. To know more on the eligibility criteria and terms and conditions, please reach out to Purchases.oni@flipkart.com.

Small Home Appliances
Find handy and practical home appliances designed to make your life simpler: electric kettles, OTGs, microwave ovens, sandwich makers, hand blenders, coffee makers, and many more other time-saving appliances that are truly crafted for a quicker lifestyle. Live life king size with these appliances at home.

Lifestyle
Flipkart, 'India ka Fashion Capital', is your one-stop fashion destination for anything and everything you need to look good. Our exhaustive range of Western and Indian wear, summer and winter clothing, formal and casual footwear, bridal and artificial jewellery, long-lasting make-up, grooming tools and accessories are sure to sweep you off your feet. Shop from crowd favourites like Vero Moda, Forever 21, Only, Arrow, Woodland, Nike, Puma, Revlon, Mac, and Sephora among dozens of other top-of-the-ladder names. From summer staple maxi dresses, no-nonsense cigarette pants, traditional Bandhani kurtis to street-smart biker jackets, you can rely on us for a wardrobe that is up to date. Explore our in-house brands like Metronaut, Anmi, and Denizen, to name a few, for carefully curated designs that are the talk of the town. Get ready to be spoiled for choice.Festivals, office get-togethers, weddings, brunches, or nightwear - Flipkart will have your back each time.

Home and Furniture
Moving to a new place is never easy, especially if you're buying new furniture. Beds, sofa sets, dining tables, wardrobes, and TV units - it's not easy to set up everything again. With the hundreds of options thrown at you, the ride could be overwhelming. What place is reliable, what furniture will stand the test of time? These are questions you must ask before you choose a store. Well, our Durability Certified Furniture Store has not only curated a range of furniture keeping in mind the modern Indian consumer but furniture that comes with a lab certification, ensuring they last you for up to 10 years. Yes, all our furniture has gone through 35 stability and load tests so that you receive only the best-quality furniture. Be FurniSure, always. Names to look out for are Nilkamal, Godrej Interio, Urban Ladder, HomeTown, Durian and Perfect Homes.

You may have your furniture all set up, but they could end up looking flat and incomplete without complementary decor. Curtains, cushion covers, bed sheets, wall shelves, paintings, floor lamps - find everything that turns a house to an inviting home under one roof at Flipkart.

Baby and Kids
Your kids deserve only the best. From bodysuits, booties, diapers to strollers, if you're an expecting mother or a new mother, you will find everything you need to set sail on a smooth parenting journey with the help of our baby care collection. When it comes to safety, hygiene and comfort, you can rely on us without a second thought. Huggies, Pampers, MamyPoko, and Johnson & Johnson: we host only the most-trusted names in the business for your baby.

Books, Sports and Games
Work hard and no play? We don't believe in that. Get access to best-selling fiction and non-fiction books by your favourite authors, thrilling English and Indian blockbusters, most-wanted gaming consoles, and a tempting range of fitness and sports gadgets and equipment bound to inspire you to get moving.

Grocery/Supermart
Launching into the grocery vertical, Flipkart introduces Supermart that is out to bring everyday essentials close to you. From pulses, spices, dairy, personal and sanitary care, breakfast essentials, health drinks, spreads, ready to cook, grooming to cleaning agents, we are happy to present everything you need to run a house. Now buy Grocery products for as low as 1 Rupee only - our 1 Rupee Store presents new products every day for a nominal price of 1 Rupee only. Terms and conditions apply.
ABOUT
Contact Us
About Us
Careers
Flipkart Stories
Press
Corporate Information
GROUP COMPANIES
Myntra
Flipkart Wholesale
Cleartrip
Shopsy
HELP
Payments
Shipping
Cancellation & Returns
FAQ
Report Infringement
CONSUMER POLICY
Cancellation & Returns
Terms Of Use
Security
Privacy
Sitemap
Grievance Redressal
EPR Compliance
Mail Us:
Flipkart Internet Private Limited,
Buildings Alyssa, Begonia &
Clove Embassy Tech Village,
Outer Ring Road, Devarabeesanahalli Village,
Bengaluru, 560103,
Karnataka, India
Social:
Registered Office Address:
Flipkart Internet Private Limited,
Buildings Alyssa, Begonia &
Clove Embassy Tech Village,
Outer Ring Road, Devarabeesanahalli Village,
Bengaluru, 560103,
Karnataka, India
CIN : U51109KA2012PTC066107
Telephone: 044-45614700
Become a Seller
Advertise
Gift Cards
Help Center
© 2007-2024 Flipkart.com
Liked the new design ?
Tag Name: head, Text: 
Tag Name: script, Text: 
Tag Name: script, Text: 
Tag Name: script, Text: 
Tag Name: link, Text: 
Tag Name: link, Text: 
Tag Name: link, Text: 
Tag Name: link, Text: 
Tag Name: link, Text: 
Tag Name: meta, Text: 
Tag Name: meta, Text: 
Tag Name: meta, Text: 
Tag Name: title, Text: 
Tag Name: meta, Text: 
Tag Name: meta, Text: 
Tag Name: meta, Text: 
Tag Name: meta, Text: 
Tag Name: meta, Text: 
Tag Name: meta, Text: 
Tag Name: meta, Text: 
Tag Name: link, Text: 
Tag Name: link, Text: 
Tag Name: meta, Text: 
Tag Name: meta, Text: 
Tag Name: script, Text: 
Tag Name: script, Text: 
Tag Name: style, Text: 
Tag Name: link, Text: 
Tag Name: link, Text: 
Tag Name: style, Text: 
Tag Name: script, Text: 
Tag Name: script, Text: 
Tag Name: script, Text: 
Tag Name: style, Text: 
Tag Name: link, Text: 
Tag Name: script, Text: 
Tag Name: link, Text: 
Tag Name: script, Text: 
Tag Name: link, Text: 
Tag Name: script, Text: 
Tag Name: style, Text: 
Tag Name: link, Text: 
Tag Name: script, Text: 
Tag Name: script, Text: 
Tag Name: script, Text: 
Tag Name: script, Text: 
Tag Name: body, Text: Search Icon
Login
Login
Cart
Become a Seller
Grocery
Mobiles
Fashion
Electronics
Home & Furniture
Appliances
Travel
Beauty, Toys & More
Two Wheelers
Best of Electronics
Best Truewireless Headphones
Grab Now
Printers
From ₹2336
Top Selling Dell Keyboard
From ₹229
Best Selling Mobile Speakers
From ₹499*
boAt Smartwatches
From ₹1,099
Printers
From ₹3999
Beauty, Food, Toys & more
Top Selling Stationery
From ₹49
Electric Cycle
Up to 40% Off
Food Spreads
Upto 75% Off
Best of Action Toys
Up to 70% Off
Non-Geared Cycles
Up to 40% Off
Microphones
Up to 70% off
Coffee Powder
Upto 80% Off
Most Shopped on FK
Men's T-shirts
Special offer
Laptop Bags
Min. 70% Off
Women's Ethnic Sets
Min. 50% Off
Suitcases
Min. 70% Off
Hang on, loading content
Top Stories :Brand Directory
MOST SEARCHED FOR ON FLIPKART:iPhone 15iPhone 15 PlusiPhone 15 ProiPhone 15 Pro MaxVivo x 100Spoyl StoreSAMSUNG Flip5SAMSUNG Fold5Flipkart Axis Bank Super Elite Credit card5G Mobile PhonesPrimebook LaptopsMoto Edge 40Grievance RedressalOPPO Reno7 Pro 5GiPhone 13Help CentreTrack OrdersManage OrdersReturn OrdersGift Cards StoreFlipkart Axis Bank Credit CardPay Later
MOBILESRedmi 12 5GRealme 12+ 5GMotorola G84Realme C53Infinix Smart 8Samsung Galaxy S23 5GSamsung Galaxy S21 FE 5G Qualcommvivo V30Samsung Galaxy S24 5GSamsung Galaxy S24+ 5GiPhone 12 64GBiPhone 12 Pro 512GBiPhone 12 128GBVivo Y15SAMSUNG Galaxy S21 FE 5GInfinix HOT 30iRealme 10 Pro 5GMOTOROLA G62 5GNothing PhoneREDMI Note 12 Pro 5GInfinix SMART 7Vivo Y12Oppo A12Motorola 5g PhoneRealme 5g SmartphoneApple 5g PhoneIqoo 5g PhonesOneplus 5g PhonesVivo 5g PhonesOppo 5g Smart PhonesOppo F15Oppo A31Samsung A71Samsung A51Samsung A31iPhone 11iPhone 11 Pro4G MobileNokia MobileSamsung MobileiphoneOppo MobileVivo Mobile
CAMERAGoPro Action CameraNikon CameraCanon CameraSony CameraCanon DSLRNikon DSLR
LAPTOPSAsus ROG AllyMacBook Pro M2Premium LaptopASUS ROG Strix SCAR 16 (2023) Core i9 13th GenASUS ROG Zephyrus M16 (2023) Core i9 13th GenASUS Zenbook 14 OLED (2022)Realme Book Prime Core i5 11th GenMicrosoft Surface Go Pentium 128GBApple LaptopsAcer LaptopsLenovo LaptopsDell LaptopsAsus LaptopsHP LaptopsGaming Laptops2 in 1 LaptopsLaptopsDell latest laptops 2022HP latest laptops 2022Infinix INBook Y1 PlusSAMSUNG Galaxy Book312th Gen Intel Core Laptops
TVSNokia TVPanasonic TVThomson TVMi X ProRealme TVMotorola TVOnePlus TVsLG TVTVSony TVSamsung TVAndroid TelevisionIffalcon TvMi TV
LARGE APPLIANCES:TelevisionWashing MachinesRefrigeratorsAir ConditionersElectric CookersElectric Jug(Heater) / Travel KettlesInduction CooktopsInverters / stabilizerIrons / Iron BoxMixer Grinder JuicerWet GrindersChimneysMicrowave OvensVacuum CleanersWater PurifierFan
CLOTHINGGreen bridal lehengaTopsShoesSunglassesBridal BlouseHalf saree blouse designsDesigner blousesBlouse designsShirtsCotton saree blouse designsTshirtsJeansSareesDressesOne piecesGroom wedding sherwaniDesigner Salwar SuitsBraCotton simple blouse designsBanarasi saree blouse designsStylish blouse astin designTrack PantBlouse neck designsKurtasParty DressesPalazzo SuitsAnarkaliGownsCut out dressSalwar SuitsKurtisDesigner SareesLeggingsShortsGeorgette SareesEthnic Wearuppada pattu sareesBlouse back designJodhpur pants
FOOTWEAR:Adidas ShoesReebok ShoesNike ShoesPuma ShoesBootsBata ShoesWoodland ShoesSkechers ShoesSneakersWomens BootsSports ShoesLoafersSandalsLotto Sports ShoesCasual ShoesWomens Skechers ShoesAsics Sports ShoesFormal ShoesSchool Shoes
GROCERIESPhonePe Grocery VoucherHand WashSoapCashew NutsSunflower OilEggsToilet CleanerHarpic Toilet CleanerDettol SoapMustard OilBiscuitsCheesePatanjali AttaFortune OilAashirvaad AttaTea
BEST SELLING ON FLIPKARTHeadphonesBest Gas GeyserKitchen GeyserNutri BlendersPortable Air CoolerBest Air CoolerBagsHitachi Refrigerator 3 DoorBooksToysCandlesHelmetsWall ClocksBaby FoodChocolatesCyclesCalculatorsLipsticksMaskVertiv UPSFastrack WatchesWalletsEarringsGold CoinsRealme Pad MiniHandbagsconekt SW2 SmartwatchMivi DuoPods a350Speaker Cleaner
FURNITUREFurnitureSofasBedsDining setsWardrobesMattressesTV UnitsTablesChairsShelvesBean BagsOffice ChairsComputer TableOffice TablesRed SofaWakefit BedsWhite SofaWakefit MattressGreen SofaBlack SofaBrown Sofa
BGMH:Whey ProteinHomeopathyCricketCyclesFootballsTreadmillsChristmas GiftsFitness AccessoriesOnline GuitarBooks StoreMusical Instrument StoreDabur ChyawanprashBaidyanath ChyawanprashEnergy DrinksToysMilk Drink MixesRakhiChyawanprashIndian FlagProtein Supplements
Flipkart: The One-stop Shopping Destination
E-commerce is revolutionizing the way we all shop in India. Why do you want to hop from one store to another in search of the latest phone when you can find it on the Internet in a single click? Not only mobiles. Flipkart houses everything you can possibly imagine, from trending electronics like laptops, tablets, smartphones, and mobile accessories to in-vogue fashion staples like shoes, clothing and lifestyle accessories; from modern furniture like sofa sets, dining tables, and wardrobes to appliances that make your life easy like washing machines, TVs, ACs, mixer grinder juicers and other time-saving kitchen and small appliances; from home furnishings like cushion covers, mattresses and bedsheets to toys and musical instruments, we got them all covered. You name it, and you can stay assured about finding them all here. For those of you with erratic working hours, Flipkart is your best bet. Shop in your PJs, at night or in the wee hours of the morning. This e-commerce never shuts down.

What's more, with our year-round shopping festivals and events, our prices are irresistible. We're sure you'll find yourself picking up more than what you had in mind. If you are wondering why you should shop from Flipkart when there are multiple options available to you, well, the below will answer your question.

Flipkart Plus
A world of limitless possibilities awaits you - Flipkart Plus was kickstarted as a loyalty reward programme for all its regular customers at zero subscription fee. All you need is 500 supercoins to be a part of this service. For every 100 rupees spent on Flipkart order, Plus members earns 4 supercoins & non-plus members earn 2 supercoins. Free delivery, early access during sales and shopping festivals, exchange offers and priority customer service are the top benefits to a Flipkart Plus member. In short, earn more when you shop more!

What's more, you can even use the Flipkart supercoins for a number of exciting services, like:
An annual Zomato Gold membership
An annual Hotstar Premium membership
6 months Gaana plus subscription
Rupees 550 instant discount on flights on ixigo
Check out https://www.flipkart.com/plus/all-offers for the entire list. Terms and conditions apply.

No Cost EMI
In an attempt to make high-end products accessible to all, our No Cost EMI plan enables you to shop with us under EMI, without shelling out any processing fee. Applicable on select mobiles, laptops, large and small appliances, furniture, electronics and watches, you can now shop without burning a hole in your pocket. If you've been eyeing a product for a long time, chances are it may be up for a no cost EMI. Take a look ASAP! Terms and conditions apply.

EMI on Debit Cards
Did you know debit card holders account for 79.38 crore in the country, while there are only 3.14 crore credit card holders? After enabling EMI on Credit Cards, in another attempt to make online shopping accessible to everyone, Flipkart introduces EMI on Debit Cards, empowering you to shop confidently with us without having to worry about pauses in monthly cash flow. At present, we have partnered with Axis Bank, HDFC Bank, State Bank of India and ICICI Bank for this facility. More power to all our shoppers! Terms and conditions apply.

Mobile Exchange Offers
Get an instant discount on the phone that you have been eyeing on. Exchange your old mobile for a new one after the Flipkart experts calculate the value of your old phone, provided it is in a working condition without damage to the screen. If a phone is applicable for an exchange offer, you will see the 'Buy with Exchange' option on the product description of the phone. So, be smart, always opt for an exchange wherever possible. Terms and conditions apply.

What Can You Buy From Flipkart?
Mobile Phones
From budget phones to state-of-the-art smartphones, we have a mobile for everybody out there. Whether you're looking for larger, fuller screens, power-packed batteries, blazing-fast processors, beautification apps, high-tech selfie cameras or just large internal space, we take care of all the essentials. Shop from top brands in the country like Samsung, Apple, Oppo, Xiaomi, Realme, Vivo, and Honor to name a few. Rest assured, you're buying from only the most reliable names in the market. What's more, with Flipkart's Complete Mobile Protection Plan, you will never again find the need to run around service centres. This plan entails you to a number of post-purchase solutions, starting at as low as Rupees 99 only! Broken screens, liquid damage to phone, hardware and software glitches, and replacements - the Flipkart Complete Mobile Protection covers a comprehensive range of post-purchase problems, with door-to-door services.

Electronic Devices and Accessories
When it comes to laptops, we are not far behind. Filter among dozens of super-fast operating systems, hard disk capacity, RAM, lifestyle, screen size and many other criterias for personalized results in a flash. All you students out there, confused about what laptop to get? Our Back To College Store segregates laptops purpose wise (gaming, browsing and research, project work, entertainment, design, multitasking) with recommendations from top brands and industry experts, facilitating a shopping experience that is quicker and simpler.

Photography lovers, you couldn't land at a better page than ours. Cutting-edge DSLR cameras, ever reliable point-and-shoot cameras, millennial favourite instant cameras or action cameras for adventure junkies: our range of cameras is as much for beginners as it is for professionals. Canon, Nikon, GoPro, Sony, and Fujifilm are some big names you'll find in our store. Photography lovers, you couldn't land at a better page than ours. Cutting-edge DSLR cameras, ever reliable point-and-shoot cameras, millennial favourite instant cameras or action cameras for adventure junkies: our range of cameras is as much for beginners as it is for professionals. Canon, Nikon, GoPro, Sony, and Fujifilm are some big names you'll find in our store.

Turn your home into a theatre with a stunning surround sound system. Choose from our elaborate range of Sony home theatres, JBL soundbars and Philips tower speakers for an experience to remember.

How about jazzing up your phone with our quirky designer cases and covers? Our wide-ranging mobile accessories starting from headphones, power banks, memory cards, mobile chargers, to selfie sticks can prove to be ideal travel companions for you and your phone; never again worry about running out of charge or memory on your next vacation.

Large Appliances
Sleek TVs, power-saving refrigerators, rapid-cooling ACs, resourceful washing machines - discover everything you need to run a house under one roof. Our Dependable TV and Appliance Store ensures zero transit damage, with a replacement guarantee if anything goes wrong; delivery and installation as per your convenience and a double warranty (Official Brand Warranty along with an extended Flipkart Warranty) - rest assured, value for money is what is promised and delivered. Shop from market leaders in the country like Samsung, LG, Whirlpool, Midea, Mi, Vu, Panasonic, Godrej, Sony, Daikin, and Hitachi among many others.

For certain product categories, Customers meeting the eligibility criteria will have the option to buy larger quantities. To know more on the eligibility criteria and terms and conditions, please reach out to Purchases.oni@flipkart.com.

Small Home Appliances
Find handy and practical home appliances designed to make your life simpler: electric kettles, OTGs, microwave ovens, sandwich makers, hand blenders, coffee makers, and many more other time-saving appliances that are truly crafted for a quicker lifestyle. Live life king size with these appliances at home.

Lifestyle
Flipkart, 'India ka Fashion Capital', is your one-stop fashion destination for anything and everything you need to look good. Our exhaustive range of Western and Indian wear, summer and winter clothing, formal and casual footwear, bridal and artificial jewellery, long-lasting make-up, grooming tools and accessories are sure to sweep you off your feet. Shop from crowd favourites like Vero Moda, Forever 21, Only, Arrow, Woodland, Nike, Puma, Revlon, Mac, and Sephora among dozens of other top-of-the-ladder names. From summer staple maxi dresses, no-nonsense cigarette pants, traditional Bandhani kurtis to street-smart biker jackets, you can rely on us for a wardrobe that is up to date. Explore our in-house brands like Metronaut, Anmi, and Denizen, to name a few, for carefully curated designs that are the talk of the town. Get ready to be spoiled for choice.Festivals, office get-togethers, weddings, brunches, or nightwear - Flipkart will have your back each time.

Home and Furniture
Moving to a new place is never easy, especially if you're buying new furniture. Beds, sofa sets, dining tables, wardrobes, and TV units - it's not easy to set up everything again. With the hundreds of options thrown at you, the ride could be overwhelming. What place is reliable, what furniture will stand the test of time? These are questions you must ask before you choose a store. Well, our Durability Certified Furniture Store has not only curated a range of furniture keeping in mind the modern Indian consumer but furniture that comes with a lab certification, ensuring they last you for up to 10 years. Yes, all our furniture has gone through 35 stability and load tests so that you receive only the best-quality furniture. Be FurniSure, always. Names to look out for are Nilkamal, Godrej Interio, Urban Ladder, HomeTown, Durian and Perfect Homes.

You may have your furniture all set up, but they could end up looking flat and incomplete without complementary decor. Curtains, cushion covers, bed sheets, wall shelves, paintings, floor lamps - find everything that turns a house to an inviting home under one roof at Flipkart.

Baby and Kids
Your kids deserve only the best. From bodysuits, booties, diapers to strollers, if you're an expecting mother or a new mother, you will find everything you need to set sail on a smooth parenting journey with the help of our baby care collection. When it comes to safety, hygiene and comfort, you can rely on us without a second thought. Huggies, Pampers, MamyPoko, and Johnson & Johnson: we host only the most-trusted names in the business for your baby.

Books, Sports and Games
Work hard and no play? We don't believe in that. Get access to best-selling fiction and non-fiction books by your favourite authors, thrilling English and Indian blockbusters, most-wanted gaming consoles, and a tempting range of fitness and sports gadgets and equipment bound to inspire you to get moving.

Grocery/Supermart
Launching into the grocery vertical, Flipkart introduces Supermart that is out to bring everyday essentials close to you. From pulses, spices, dairy, personal and sanitary care, breakfast essentials, health drinks, spreads, ready to cook, grooming to cleaning agents, we are happy to present everything you need to run a house. Now buy Grocery products for as low as 1 Rupee only - our 1 Rupee Store presents new products every day for a nominal price of 1 Rupee only. Terms and conditions apply.
ABOUT
Contact Us
About Us
Careers
Flipkart Stories
Press
Corporate Information
GROUP COMPANIES
Myntra
Flipkart Wholesale
Cleartrip
Shopsy
HELP
Payments
Shipping
Cancellation & Returns
FAQ
Report Infringement
CONSUMER POLICY
Cancellation & Returns
Terms Of Use
Security
Privacy
Sitemap
Grievance Redressal
EPR Compliance
Mail Us:
Flipkart Internet Private Limited,
Buildings Alyssa, Begonia &
Clove Embassy Tech Village,
Outer Ring Road, Devarabeesanahalli Village,
Bengaluru, 560103,
Karnataka, India
Social:
Registered Office Address:
Flipkart Internet Private Limited,
Buildings Alyssa, Begonia &
Clove Embassy Tech Village,
Outer Ring Road, Devarabeesanahalli Village,
Bengaluru, 560103,
Karnataka, India
CIN : U51109KA2012PTC066107
Telephone: 044-45614700
Become a Seller
Advertise
Gift Cards
Help Center
© 2007-2024 Flipkart.com
Liked the new design ?
Tag Name: div, Text: Search Icon
Login
Login
Cart
Become a Seller
Grocery
Mobiles
Fashion
Electronics
Home & Furniture
Appliances
Travel
Beauty, Toys & More
Two Wheelers
Best of Electronics
Best Truewireless Headphones
Grab Now
Printers
From ₹2336
Top Selling Dell Keyboard
From ₹229
Best Selling Mobile Speakers
From ₹499*
boAt Smartwatches
From ₹1,099
Printers
From ₹3999
Beauty, Food, Toys & more
Top Selling Stationery
From ₹49
Electric Cycle
Up to 40% Off
Food Spreads
Upto 75% Off
Best of Action Toys
Up to 70% Off
Non-Geared Cycles
Up to 40% Off
Microphones
Up to 70% off
Coffee Powder
Upto 80% Off
Most Shopped on FK
Men's T-shirts
Special offer
Laptop Bags
Min. 70% Off
Women's Ethnic Sets
Min. 50% Off
Suitcases
Min. 70% Off
Hang on, loading content
Top Stories :Brand Directory
MOST SEARCHED FOR ON FLIPKART:iPhone 15iPhone 15 PlusiPhone 15 ProiPhone 15 Pro MaxVivo x 100Spoyl StoreSAMSUNG Flip5SAMSUNG Fold5Flipkart Axis Bank Super Elite Credit card5G Mobile PhonesPrimebook LaptopsMoto Edge 40Grievance RedressalOPPO Reno7 Pro 5GiPhone 13Help CentreTrack OrdersManage OrdersReturn OrdersGift Cards StoreFlipkart Axis Bank Credit CardPay Later
MOBILESRedmi 12 5GRealme 12+ 5GMotorola G84Realme C53Infinix Smart 8Samsung Galaxy S23 5GSamsung Galaxy S21 FE 5G Qualcommvivo V30Samsung Galaxy S24 5GSamsung Galaxy S24+ 5GiPhone 12 64GBiPhone 12 Pro 512GBiPhone 12 128GBVivo Y15SAMSUNG Galaxy S21 FE 5GInfinix HOT 30iRealme 10 Pro 5GMOTOROLA G62 5GNothing PhoneREDMI Note 12 Pro 5GInfinix SMART 7Vivo Y12Oppo A12Motorola 5g PhoneRealme 5g SmartphoneApple 5g PhoneIqoo 5g PhonesOneplus 5g PhonesVivo 5g PhonesOppo 5g Smart PhonesOppo F15Oppo A31Samsung A71Samsung A51Samsung A31iPhone 11iPhone 11 Pro4G MobileNokia MobileSamsung MobileiphoneOppo MobileVivo Mobile
CAMERAGoPro Action CameraNikon CameraCanon CameraSony CameraCanon DSLRNikon DSLR
LAPTOPSAsus ROG AllyMacBook Pro M2Premium LaptopASUS ROG Strix SCAR 16 (2023) Core i9 13th GenASUS ROG Zephyrus M16 (2023) Core i9 13th GenASUS Zenbook 14 OLED (2022)Realme Book Prime Core i5 11th GenMicrosoft Surface Go Pentium 128GBApple LaptopsAcer LaptopsLenovo LaptopsDell LaptopsAsus LaptopsHP LaptopsGaming Laptops2 in 1 LaptopsLaptopsDell latest laptops 2022HP latest laptops 2022Infinix INBook Y1 PlusSAMSUNG Galaxy Book312th Gen Intel Core Laptops
TVSNokia TVPanasonic TVThomson TVMi X ProRealme TVMotorola TVOnePlus TVsLG TVTVSony TVSamsung TVAndroid TelevisionIffalcon TvMi TV
LARGE APPLIANCES:TelevisionWashing MachinesRefrigeratorsAir ConditionersElectric CookersElectric Jug(Heater) / Travel KettlesInduction CooktopsInverters / stabilizerIrons / Iron BoxMixer Grinder JuicerWet GrindersChimneysMicrowave OvensVacuum CleanersWater PurifierFan
CLOTHINGGreen bridal lehengaTopsShoesSunglassesBridal BlouseHalf saree blouse designsDesigner blousesBlouse designsShirtsCotton saree blouse designsTshirtsJeansSareesDressesOne piecesGroom wedding sherwaniDesigner Salwar SuitsBraCotton simple blouse designsBanarasi saree blouse designsStylish blouse astin designTrack PantBlouse neck designsKurtasParty DressesPalazzo SuitsAnarkaliGownsCut out dressSalwar SuitsKurtisDesigner SareesLeggingsShortsGeorgette SareesEthnic Wearuppada pattu sareesBlouse back designJodhpur pants
FOOTWEAR:Adidas ShoesReebok ShoesNike ShoesPuma ShoesBootsBata ShoesWoodland ShoesSkechers ShoesSneakersWomens BootsSports ShoesLoafersSandalsLotto Sports ShoesCasual ShoesWomens Skechers ShoesAsics Sports ShoesFormal ShoesSchool Shoes
GROCERIESPhonePe Grocery VoucherHand WashSoapCashew NutsSunflower OilEggsToilet CleanerHarpic Toilet CleanerDettol SoapMustard OilBiscuitsCheesePatanjali AttaFortune OilAashirvaad AttaTea
BEST SELLING ON FLIPKARTHeadphonesBest Gas GeyserKitchen GeyserNutri BlendersPortable Air CoolerBest Air CoolerBagsHitachi Refrigerator 3 DoorBooksToysCandlesHelmetsWall ClocksBaby FoodChocolatesCyclesCalculatorsLipsticksMaskVertiv UPSFastrack WatchesWalletsEarringsGold CoinsRealme Pad MiniHandbagsconekt SW2 SmartwatchMivi DuoPods a350Speaker Cleaner
FURNITUREFurnitureSofasBedsDining setsWardrobesMattressesTV UnitsTablesChairsShelvesBean BagsOffice ChairsComputer TableOffice TablesRed SofaWakefit BedsWhite SofaWakefit MattressGreen SofaBlack SofaBrown Sofa
BGMH:Whey ProteinHomeopathyCricketCyclesFootballsTreadmillsChristmas GiftsFitness AccessoriesOnline GuitarBooks StoreMusical Instrument StoreDabur ChyawanprashBaidyanath ChyawanprashEnergy DrinksToysMilk Drink MixesRakhiChyawanprashIndian FlagProtein Supplements
Flipkart: The One-stop Shopping Destination
E-commerce is revolutionizing the way we all shop in India. Why do you want to hop from one store to another in search of the latest phone when you can find it on the Internet in a single click? Not only mobiles. Flipkart houses everything you can possibly imagine, from trending electronics like laptops, tablets, smartphones, and mobile accessories to in-vogue fashion staples like shoes, clothing and lifestyle accessories; from modern furniture like sofa sets, dining tables, and wardrobes to appliances that make your life easy like washing machines, TVs, ACs, mixer grinder juicers and other time-saving kitchen and small appliances; from home furnishings like cushion covers, mattresses and bedsheets to toys and musical instruments, we got them all covered. You name it, and you can stay assured about finding them all here. For those of you with erratic working hours, Flipkart is your best bet. Shop in your PJs, at night or in the wee hours of the morning. This e-commerce never shuts down.

What's more, with our year-round shopping festivals and events, our prices are irresistible. We're sure you'll find yourself picking up more than what you had in mind. If you are wondering why you should shop from Flipkart when there are multiple options available to you, well, the below will answer your question.

Flipkart Plus
A world of limitless possibilities awaits you - Flipkart Plus was kickstarted as a loyalty reward programme for all its regular customers at zero subscription fee. All you need is 500 supercoins to be a part of this service. For every 100 rupees spent on Flipkart order, Plus members earns 4 supercoins & non-plus members earn 2 supercoins. Free delivery, early access during sales and shopping festivals, exchange offers and priority customer service are the top benefits to a Flipkart Plus member. In short, earn more when you shop more!

What's more, you can even use the Flipkart supercoins for a number of exciting services, like:
An annual Zomato Gold membership
An annual Hotstar Premium membership
6 months Gaana plus subscription
Rupees 550 instant discount on flights on ixigo
Check out https://www.flipkart.com/plus/all-offers for the entire list. Terms and conditions apply.

No Cost EMI
In an attempt to make high-end products accessible to all, our No Cost EMI plan enables you to shop with us under EMI, without shelling out any processing fee. Applicable on select mobiles, laptops, large and small appliances, furniture, electronics and watches, you can now shop without burning a hole in your pocket. If you've been eyeing a product for a long time, chances are it may be up for a no cost EMI. Take a look ASAP! Terms and conditions apply.

EMI on Debit Cards
Did you know debit card holders account for 79.38 crore in the country, while there are only 3.14 crore credit card holders? After enabling EMI on Credit Cards, in another attempt to make online shopping accessible to everyone, Flipkart introduces EMI on Debit Cards, empowering you to shop confidently with us without having to worry about pauses in monthly cash flow. At present, we have partnered with Axis Bank, HDFC Bank, State Bank of India and ICICI Bank for this facility. More power to all our shoppers! Terms and conditions apply.

Mobile Exchange Offers
Get an instant discount on the phone that you have been eyeing on. Exchange your old mobile for a new one after the Flipkart experts calculate the value of your old phone, provided it is in a working condition without damage to the screen. If a phone is applicable for an exchange offer, you will see the 'Buy with Exchange' option on the product description of the phone. So, be smart, always opt for an exchange wherever possible. Terms and conditions apply.

What Can You Buy From Flipkart?
Mobile Phones
From budget phones to state-of-the-art smartphones, we have a mobile for everybody out there. Whether you're looking for larger, fuller screens, power-packed batteries, blazing-fast processors, beautification apps, high-tech selfie cameras or just large internal space, we take care of all the essentials. Shop from top brands in the country like Samsung, Apple, Oppo, Xiaomi, Realme, Vivo, and Honor to name a few. Rest assured, you're buying from only the most reliable names in the market. What's more, with Flipkart's Complete Mobile Protection Plan, you will never again find the need to run around service centres. This plan entails you to a number of post-purchase solutions, starting at as low as Rupees 99 only! Broken screens, liquid damage to phone, hardware and software glitches, and replacements - the Flipkart Complete Mobile Protection covers a comprehensive range of post-purchase problems, with door-to-door services.

Electronic Devices and Accessories
When it comes to laptops, we are not far behind. Filter among dozens of super-fast operating systems, hard disk capacity, RAM, lifestyle, screen size and many other criterias for personalized results in a flash. All you students out there, confused about what laptop to get? Our Back To College Store segregates laptops purpose wise (gaming, browsing and research, project work, entertainment, design, multitasking) with recommendations from top brands and industry experts, facilitating a shopping experience that is quicker and simpler.

Photography lovers, you couldn't land at a better page than ours. Cutting-edge DSLR cameras, ever reliable point-and-shoot cameras, millennial favourite instant cameras or action cameras for adventure junkies: our range of cameras is as much for beginners as it is for professionals. Canon, Nikon, GoPro, Sony, and Fujifilm are some big names you'll find in our store. Photography lovers, you couldn't land at a better page than ours. Cutting-edge DSLR cameras, ever reliable point-and-shoot cameras, millennial favourite instant cameras or action cameras for adventure junkies: our range of cameras is as much for beginners as it is for professionals. Canon, Nikon, GoPro, Sony, and Fujifilm are some big names you'll find in our store.

Turn your home into a theatre with a stunning surround sound system. Choose from our elaborate range of Sony home theatres, JBL soundbars and Philips tower speakers for an experience to remember.

How about jazzing up your phone with our quirky designer cases and covers? Our wide-ranging mobile accessories starting from headphones, power banks, memory cards, mobile chargers, to selfie sticks can prove to be ideal travel companions for you and your phone; never again worry about running out of charge or memory on your next vacation.

Large Appliances
Sleek TVs, power-saving refrigerators, rapid-cooling ACs, resourceful washing machines - discover everything you need to run a house under one roof. Our Dependable TV and Appliance Store ensures zero transit damage, with a replacement guarantee if anything goes wrong; delivery and installation as per your convenience and a double warranty (Official Brand Warranty along with an extended Flipkart Warranty) - rest assured, value for money is what is promised and delivered. Shop from market leaders in the country like Samsung, LG, Whirlpool, Midea, Mi, Vu, Panasonic, Godrej, Sony, Daikin, and Hitachi among many others.

For certain product categories, Customers meeting the eligibility criteria will have the option to buy larger quantities. To know more on the eligibility criteria and terms and conditions, please reach out to Purchases.oni@flipkart.com.

Small Home Appliances
Find handy and practical home appliances designed to make your life simpler: electric kettles, OTGs, microwave ovens, sandwich makers, hand blenders, coffee makers, and many more other time-saving appliances that are truly crafted for a quicker lifestyle. Live life king size with these appliances at home.

Lifestyle
Flipkart, 'India ka Fashion Capital', is your one-stop fashion destination for anything and everything you need to look good. Our exhaustive range of Western and Indian wear, summer and winter clothing, formal and casual footwear, bridal and artificial jewellery, long-lasting make-up, grooming tools and accessories are sure to sweep you off your feet. Shop from crowd favourites like Vero Moda, Forever 21, Only, Arrow, Woodland, Nike, Puma, Revlon, Mac, and Sephora among dozens of other top-of-the-ladder names. From summer staple maxi dresses, no-nonsense cigarette pants, traditional Bandhani kurtis to street-smart biker jackets, you can rely on us for a wardrobe that is up to date. Explore our in-house brands like Metronaut, Anmi, and Denizen, to name a few, for carefully curated designs that are the talk of the town. Get ready to be spoiled for choice.Festivals, office get-togethers, weddings, brunches, or nightwear - Flipkart will have your back each time.

Home and Furniture
Moving to a new place is never easy, especially if you're buying new furniture. Beds, sofa sets, dining tables, wardrobes, and TV units - it's not easy to set up everything again. With the hundreds of options thrown at you, the ride could be overwhelming. What place is reliable, what furniture will stand the test of time? These are questions you must ask before you choose a store. Well, our Durability Certified Furniture Store has not only curated a range of furniture keeping in mind the modern Indian consumer but furniture that comes with a lab certification, ensuring they last you for up to 10 years. Yes, all our furniture has gone through 35 stability and load tests so that you receive only the best-quality furniture. Be FurniSure, always. Names to look out for are Nilkamal, Godrej Interio, Urban Ladder, HomeTown, Durian and Perfect Homes.

You may have your furniture all set up, but they could end up looking flat and incomplete without complementary decor. Curtains, cushion covers, bed sheets, wall shelves, paintings, floor lamps - find everything that turns a house to an inviting home under one roof at Flipkart.

Baby and Kids
Your kids deserve only the best. From bodysuits, booties, diapers to strollers, if you're an expecting mother or a new mother, you will find everything you need to set sail on a smooth parenting journey with the help of our baby care collection. When it comes to safety, hygiene and comfort, you can rely on us without a second thought. Huggies, Pampers, MamyPoko, and Johnson & Johnson: we host only the most-trusted names in the business for your baby.

Books, Sports and Games
Work hard and no play? We don't believe in that. Get access to best-selling fiction and non-fiction books by your favourite authors, thrilling English and Indian blockbusters, most-wanted gaming consoles, and a tempting range of fitness and sports gadgets and equipment bound to inspire you to get moving.

Grocery/Supermart
Launching into the grocery vertical, Flipkart introduces Supermart that is out to bring everyday essentials close to you. From pulses, spices, dairy, personal and sanitary care, breakfast essentials, health drinks, spreads, ready to cook, grooming to cleaning agents, we are happy to present everything you need to run a house. Now buy Grocery products for as low as 1 Rupee only - our 1 Rupee Store presents new products every day for a nominal price of 1 Rupee only. Terms and conditions apply.
ABOUT
Contact Us
About Us
Careers
Flipkart Stories
Press
Corporate Information
GROUP COMPANIES
Myntra
Flipkart Wholesale
Cleartrip
Shopsy
HELP
Payments
Shipping
Cancellation & Returns
FAQ
Report Infringement
CONSUMER POLICY
Cancellation & Returns
Terms Of Use
Security
Privacy
Sitemap
Grievance Redressal
EPR Compliance
Mail Us:
Flipkart Internet Private Limited,
Buildings Alyssa, Begonia &
Clove Embassy Tech Village,
Outer Ring Road, Devarabeesanahalli Village,
Bengaluru, 560103,
Karnataka, India
Social:
Registered Office Address:
Flipkart Internet Private Limited,
Buildings Alyssa, Begonia &
Clove Embassy Tech Village,
Outer Ring Road, Devarabeesanahalli Village,
Bengaluru, 560103,
Karnataka, India
CIN : U51109KA2012PTC066107
Telephone: 044-45614700
Become a Seller
Advertise
Gift Cards
Help Center
© 2007-2024 Flipkart.com
Liked the new design ?
Tag Name: div, Text: Search Icon
Login
Login
Cart
Become a Seller
Grocery
Mobiles
Fashion
Electronics
Home & Furniture
Appliances
Travel
Beauty, Toys & More
Two Wheelers
Best of Electronics
Best Truewireless Headphones
Grab Now
Printers
From ₹2336
Top Selling Dell Keyboard
From ₹229
Best Selling Mobile Speakers
From ₹499*
boAt Smartwatches
From ₹1,099
Printers
From ₹3999
Beauty, Food, Toys & more
Top Selling Stationery
From ₹49
Electric Cycle
Up to 40% Off
Food Spreads
Upto 75% Off
Best of Action Toys
Up to 70% Off
Non-Geared Cycles
Up to 40% Off
Microphones
Up to 70% off
Coffee Powder
Upto 80% Off
Most Shopped on FK
Men's T-shirts
Special offer
Laptop Bags
Min. 70% Off
Women's Ethnic Sets
Min. 50% Off
Suitcases
Min. 70% Off
Hang on, loading content
Top Stories :Brand Directory
MOST SEARCHED FOR ON FLIPKART:iPhone 15iPhone 15 PlusiPhone 15 ProiPhone 15 Pro MaxVivo x 100Spoyl StoreSAMSUNG Flip5SAMSUNG Fold5Flipkart Axis Bank Super Elite Credit card5G Mobile PhonesPrimebook LaptopsMoto Edge 40Grievance RedressalOPPO Reno7 Pro 5GiPhone 13Help CentreTrack OrdersManage OrdersReturn OrdersGift Cards StoreFlipkart Axis Bank Credit CardPay Later
MOBILESRedmi 12 5GRealme 12+ 5GMotorola G84Realme C53Infinix Smart 8Samsung Galaxy S23 5GSamsung Galaxy S21 FE 5G Qualcommvivo V30Samsung Galaxy S24 5GSamsung Galaxy S24+ 5GiPhone 12 64GBiPhone 12 Pro 512GBiPhone 12 128GBVivo Y15SAMSUNG Galaxy S21 FE 5GInfinix HOT 30iRealme 10 Pro 5GMOTOROLA G62 5GNothing PhoneREDMI Note 12 Pro 5GInfinix SMART 7Vivo Y12Oppo A12Motorola 5g PhoneRealme 5g SmartphoneApple 5g PhoneIqoo 5g PhonesOneplus 5g PhonesVivo 5g PhonesOppo 5g Smart PhonesOppo F15Oppo A31Samsung A71Samsung A51Samsung A31iPhone 11iPhone 11 Pro4G MobileNokia MobileSamsung MobileiphoneOppo MobileVivo Mobile
CAMERAGoPro Action CameraNikon CameraCanon CameraSony CameraCanon DSLRNikon DSLR
LAPTOPSAsus ROG AllyMacBook Pro M2Premium LaptopASUS ROG Strix SCAR 16 (2023) Core i9 13th GenASUS ROG Zephyrus M16 (2023) Core i9 13th GenASUS Zenbook 14 OLED (2022)Realme Book Prime Core i5 11th GenMicrosoft Surface Go Pentium 128GBApple LaptopsAcer LaptopsLenovo LaptopsDell LaptopsAsus LaptopsHP LaptopsGaming Laptops2 in 1 LaptopsLaptopsDell latest laptops 2022HP latest laptops 2022Infinix INBook Y1 PlusSAMSUNG Galaxy Book312th Gen Intel Core Laptops
TVSNokia TVPanasonic TVThomson TVMi X ProRealme TVMotorola TVOnePlus TVsLG TVTVSony TVSamsung TVAndroid TelevisionIffalcon TvMi TV
LARGE APPLIANCES:TelevisionWashing MachinesRefrigeratorsAir ConditionersElectric CookersElectric Jug(Heater) / Travel KettlesInduction CooktopsInverters / stabilizerIrons / Iron BoxMixer Grinder JuicerWet GrindersChimneysMicrowave OvensVacuum CleanersWater PurifierFan
CLOTHINGGreen bridal lehengaTopsShoesSunglassesBridal BlouseHalf saree blouse designsDesigner blousesBlouse designsShirtsCotton saree blouse designsTshirtsJeansSareesDressesOne piecesGroom wedding sherwaniDesigner Salwar SuitsBraCotton simple blouse designsBanarasi saree blouse designsStylish blouse astin designTrack PantBlouse neck designsKurtasParty DressesPalazzo SuitsAnarkaliGownsCut out dressSalwar SuitsKurtisDesigner SareesLeggingsShortsGeorgette SareesEthnic Wearuppada pattu sareesBlouse back designJodhpur pants
FOOTWEAR:Adidas ShoesReebok ShoesNike ShoesPuma ShoesBootsBata ShoesWoodland ShoesSkechers ShoesSneakersWomens BootsSports ShoesLoafersSandalsLotto Sports ShoesCasual ShoesWomens Skechers ShoesAsics Sports ShoesFormal ShoesSchool Shoes
GROCERIESPhonePe Grocery VoucherHand WashSoapCashew NutsSunflower OilEggsToilet CleanerHarpic Toilet CleanerDettol SoapMustard OilBiscuitsCheesePatanjali AttaFortune OilAashirvaad AttaTea
BEST SELLING ON FLIPKARTHeadphonesBest Gas GeyserKitchen GeyserNutri BlendersPortable Air CoolerBest Air CoolerBagsHitachi Refrigerator 3 DoorBooksToysCandlesHelmetsWall ClocksBaby FoodChocolatesCyclesCalculatorsLipsticksMaskVertiv UPSFastrack WatchesWalletsEarringsGold CoinsRealme Pad MiniHandbagsconekt SW2 SmartwatchMivi DuoPods a350Speaker Cleaner
FURNITUREFurnitureSofasBedsDining setsWardrobesMattressesTV UnitsTablesChairsShelvesBean BagsOffice ChairsComputer TableOffice TablesRed SofaWakefit BedsWhite SofaWakefit MattressGreen SofaBlack SofaBrown Sofa
BGMH:Whey ProteinHomeopathyCricketCyclesFootballsTreadmillsChristmas GiftsFitness AccessoriesOnline GuitarBooks StoreMusical Instrument StoreDabur ChyawanprashBaidyanath ChyawanprashEnergy DrinksToysMilk Drink MixesRakhiChyawanprashIndian FlagProtein Supplements
Flipkart: The One-stop Shopping Destination
E-commerce is revolutionizing the way we all shop in India. Why do you want to hop from one store to another in search of the latest phone when you can find it on the Internet in a single click? Not only mobiles. Flipkart houses everything you can possibly imagine, from trending electronics like laptops, tablets, smartphones, and mobile accessories to in-vogue fashion staples like shoes, clothing and lifestyle accessories; from modern furniture like sofa sets, dining tables, and wardrobes to appliances that make your life easy like washing machines, TVs, ACs, mixer grinder juicers and other time-saving kitchen and small appliances; from home furnishings like cushion covers, mattresses and bedsheets to toys and musical instruments, we got them all covered. You name it, and you can stay assured about finding them all here. For those of you with erratic working hours, Flipkart is your best bet. Shop in your PJs, at night or in the wee hours of the morning. This e-commerce never shuts down.

What's more, with our year-round shopping festivals and events, our prices are irresistible. We're sure you'll find yourself picking up more than what you had in mind. If you are wondering why you should shop from Flipkart when there are multiple options available to you, well, the below will answer your question.

Flipkart Plus
A world of limitless possibilities awaits you - Flipkart Plus was kickstarted as a loyalty reward programme for all its regular customers at zero subscription fee. All you need is 500 supercoins to be a part of this service. For every 100 rupees spent on Flipkart order, Plus members earns 4 supercoins & non-plus members earn 2 supercoins. Free delivery, early access during sales and shopping festivals, exchange offers and priority customer service are the top benefits to a Flipkart Plus member. In short, earn more when you shop more!

What's more, you can even use the Flipkart supercoins for a number of exciting services, like:
An annual Zomato Gold membership
An annual Hotstar Premium membership
6 months Gaana plus subscription
Rupees 550 instant discount on flights on ixigo
Check out https://www.flipkart.com/plus/all-offers for the entire list. Terms and conditions apply.

No Cost EMI
In an attempt to make high-end products accessible to all, our No Cost EMI plan enables you to shop with us under EMI, without shelling out any processing fee. Applicable on select mobiles, laptops, large and small appliances, furniture, electronics and watches, you can now shop without burning a hole in your pocket. If you've been eyeing a product for a long time, chances are it may be up for a no cost EMI. Take a look ASAP! Terms and conditions apply.

EMI on Debit Cards
Did you know debit card holders account for 79.38 crore in the country, while there are only 3.14 crore credit card holders? After enabling EMI on Credit Cards, in another attempt to make online shopping accessible to everyone, Flipkart introduces EMI on Debit Cards, empowering you to shop confidently with us without having to worry about pauses in monthly cash flow. At present, we have partnered with Axis Bank, HDFC Bank, State Bank of India and ICICI Bank for this facility. More power to all our shoppers! Terms and conditions apply.

Mobile Exchange Offers
Get an instant discount on the phone that you have been eyeing on. Exchange your old mobile for a new one after the Flipkart experts calculate the value of your old phone, provided it is in a working condition without damage to the screen. If a phone is applicable for an exchange offer, you will see the 'Buy with Exchange' option on the product description of the phone. So, be smart, always opt for an exchange wherever possible. Terms and conditions apply.

What Can You Buy From Flipkart?
Mobile Phones
From budget phones to state-of-the-art smartphones, we have a mobile for everybody out there. Whether you're looking for larger, fuller screens, power-packed batteries, blazing-fast processors, beautification apps, high-tech selfie cameras or just large internal space, we take care of all the essentials. Shop from top brands in the country like Samsung, Apple, Oppo, Xiaomi, Realme, Vivo, and Honor to name a few. Rest assured, you're buying from only the most reliable names in the market. What's more, with Flipkart's Complete Mobile Protection Plan, you will never again find the need to run around service centres. This plan entails you to a number of post-purchase solutions, starting at as low as Rupees 99 only! Broken screens, liquid damage to phone, hardware and software glitches, and replacements - the Flipkart Complete Mobile Protection covers a comprehensive range of post-purchase problems, with door-to-door services.

Electronic Devices and Accessories
When it comes to laptops, we are not far behind. Filter among dozens of super-fast operating systems, hard disk capacity, RAM, lifestyle, screen size and many other criterias for personalized results in a flash. All you students out there, confused about what laptop to get? Our Back To College Store segregates laptops purpose wise (gaming, browsing and research, project work, entertainment, design, multitasking) with recommendations from top brands and industry experts, facilitating a shopping experience that is quicker and simpler.

Photography lovers, you couldn't land at a better page than ours. Cutting-edge DSLR cameras, ever reliable point-and-shoot cameras, millennial favourite instant cameras or action cameras for adventure junkies: our range of cameras is as much for beginners as it is for professionals. Canon, Nikon, GoPro, Sony, and Fujifilm are some big names you'll find in our store. Photography lovers, you couldn't land at a better page than ours. Cutting-edge DSLR cameras, ever reliable point-and-shoot cameras, millennial favourite instant cameras or action cameras for adventure junkies: our range of cameras is as much for beginners as it is for professionals. Canon, Nikon, GoPro, Sony, and Fujifilm are some big names you'll find in our store.

Turn your home into a theatre with a stunning surround sound system. Choose from our elaborate range of Sony home theatres, JBL soundbars and Philips tower speakers for an experience to remember.

How about jazzing up your phone with our quirky designer cases and covers? Our wide-ranging mobile accessories starting from headphones, power banks, memory cards, mobile chargers, to selfie sticks can prove to be ideal travel companions for you and your phone; never again worry about running out of charge or memory on your next vacation.

Large Appliances
Sleek TVs, power-saving refrigerators, rapid-cooling ACs, resourceful washing machines - discover everything you need to run a house under one roof. Our Dependable TV and Appliance Store ensures zero transit damage, with a replacement guarantee if anything goes wrong; delivery and installation as per your convenience and a double warranty (Official Brand Warranty along with an extended Flipkart Warranty) - rest assured, value for money is what is promised and delivered. Shop from market leaders in the country like Samsung, LG, Whirlpool, Midea, Mi, Vu, Panasonic, Godrej, Sony, Daikin, and Hitachi among many others.

For certain product categories, Customers meeting the eligibility criteria will have the option to buy larger quantities. To know more on the eligibility criteria and terms and conditions, please reach out to Purchases.oni@flipkart.com.

Small Home Appliances
Find handy and practical home appliances designed to make your life simpler: electric kettles, OTGs, microwave ovens, sandwich makers, hand blenders, coffee makers, and many more other time-saving appliances that are truly crafted for a quicker lifestyle. Live life king size with these appliances at home.

Lifestyle
Flipkart, 'India ka Fashion Capital', is your one-stop fashion destination for anything and everything you need to look good. Our exhaustive range of Western and Indian wear, summer and winter clothing, formal and casual footwear, bridal and artificial jewellery, long-lasting make-up, grooming tools and accessories are sure to sweep you off your feet. Shop from crowd favourites like Vero Moda, Forever 21, Only, Arrow, Woodland, Nike, Puma, Revlon, Mac, and Sephora among dozens of other top-of-the-ladder names. From summer staple maxi dresses, no-nonsense cigarette pants, traditional Bandhani kurtis to street-smart biker jackets, you can rely on us for a wardrobe that is up to date. Explore our in-house brands like Metronaut, Anmi, and Denizen, to name a few, for carefully curated designs that are the talk of the town. Get ready to be spoiled for choice.Festivals, office get-togethers, weddings, brunches, or nightwear - Flipkart will have your back each time.

Home and Furniture
Moving to a new place is never easy, especially if you're buying new furniture. Beds, sofa sets, dining tables, wardrobes, and TV units - it's not easy to set up everything again. With the hundreds of options thrown at you, the ride could be overwhelming. What place is reliable, what furniture will stand the test of time? These are questions you must ask before you choose a store. Well, our Durability Certified Furniture Store has not only curated a range of furniture keeping in mind the modern Indian consumer but furniture that comes with a lab certification, ensuring they last you for up to 10 years. Yes, all our furniture has gone through 35 stability and load tests so that you receive only the best-quality furniture. Be FurniSure, always. Names to look out for are Nilkamal, Godrej Interio, Urban Ladder, HomeTown, Durian and Perfect Homes.

You may have your furniture all set up, but they could end up looking flat and incomplete without complementary decor. Curtains, cushion covers, bed sheets, wall shelves, paintings, floor lamps - find everything that turns a house to an inviting home under one roof at Flipkart.

Baby and Kids
Your kids deserve only the best. From bodysuits, booties, diapers to strollers, if you're an expecting mother or a new mother, you will find everything you need to set sail on a smooth parenting journey with the help of our baby care collection. When it comes to safety, hygiene and comfort, you can rely on us without a second thought. Huggies, Pampers, MamyPoko, and Johnson & Johnson: we host only the most-trusted names in the business for your baby.

Books, Sports and Games
Work hard and no play? We don't believe in that. Get access to best-selling fiction and non-fiction books by your favourite authors, thrilling English and Indian blockbusters, most-wanted gaming consoles, and a tempting range of fitness and sports gadgets and equipment bound to inspire you to get moving.

Grocery/Supermart
Launching into the grocery vertical, Flipkart introduces Supermart that is out to bring everyday essentials close to you. From pulses, spices, dairy, personal and sanitary care, breakfast essentials, health drinks, spreads, ready to cook, grooming to cleaning agents, we are happy to present everything you need to run a house. Now buy Grocery products for as low as 1 Rupee only - our 1 Rupee Store presents new products every day for a nominal price of 1 Rupee only. Terms and conditions apply.
ABOUT
Contact Us
About Us
Careers
Flipkart Stories
Press
Corporate Information
GROUP COMPANIES
Myntra
Flipkart Wholesale
Cleartrip
Shopsy
HELP
Payments
Shipping
Cancellation & Returns
FAQ
Report Infringement
CONSUMER POLICY
Cancellation & Returns
Terms Of Use
Security
Privacy
Sitemap
Grievance Redressal
EPR Compliance
Mail Us:
Flipkart Internet Private Limited,
Buildings Alyssa, Begonia &
Clove Embassy Tech Village,
Outer Ring Road, Devarabeesanahalli Village,
Bengaluru, 560103,
Karnataka, India
Social:
Registered Office Address:
Flipkart Internet Private Limited,
Buildings Alyssa, Begonia &
Clove Embassy Tech Village,
Outer Ring Road, Devarabeesanahalli Village,
Bengaluru, 560103,
Karnataka, India
CIN : U51109KA2012PTC066107
Telephone: 044-45614700
Become a Seller
Advertise
Gift Cards
Help Center
© 2007-2024 Flipkart.com
Liked the new design ?
Tag Name: div, Text: Search Icon
Login
Login
Cart
Become a Seller
Grocery
Mobiles
Fashion
Electronics
Home & Furniture
Appliances
Travel
Beauty, Toys & More
Two Wheelers
Best of Electronics
Best Truewireless Headphones
Grab Now
Printers
From ₹2336
Top Selling Dell Keyboard
From ₹229
Best Selling Mobile Speakers
From ₹499*
boAt Smartwatches
From ₹1,099
Printers
From ₹3999
Beauty, Food, Toys & more
Top Selling Stationery
From ₹49
Electric Cycle
Up to 40% Off
Food Spreads
Upto 75% Off
Best of Action Toys
Up to 70% Off
Non-Geared Cycles
Up to 40% Off
Microphones
Up to 70% off
Coffee Powder
Upto 80% Off
Most Shopped on FK
Men's T-shirts
Special offer
Laptop Bags
Min. 70% Off
Women's Ethnic Sets
Min. 50% Off
Suitcases
Min. 70% Off
Hang on, loading content
Top Stories :Brand Directory
MOST SEARCHED FOR ON FLIPKART:iPhone 15iPhone 15 PlusiPhone 15 ProiPhone 15 Pro MaxVivo x 100Spoyl StoreSAMSUNG Flip5SAMSUNG Fold5Flipkart Axis Bank Super Elite Credit card5G Mobile PhonesPrimebook LaptopsMoto Edge 40Grievance RedressalOPPO Reno7 Pro 5GiPhone 13Help CentreTrack OrdersManage OrdersReturn OrdersGift Cards StoreFlipkart Axis Bank Credit CardPay Later
MOBILESRedmi 12 5GRealme 12+ 5GMotorola G84Realme C53Infinix Smart 8Samsung Galaxy S23 5GSamsung Galaxy S21 FE 5G Qualcommvivo V30Samsung Galaxy S24 5GSamsung Galaxy S24+ 5GiPhone 12 64GBiPhone 12 Pro 512GBiPhone 12 128GBVivo Y15SAMSUNG Galaxy S21 FE 5GInfinix HOT 30iRealme 10 Pro 5GMOTOROLA G62 5GNothing PhoneREDMI Note 12 Pro 5GInfinix SMART 7Vivo Y12Oppo A12Motorola 5g PhoneRealme 5g SmartphoneApple 5g PhoneIqoo 5g PhonesOneplus 5g PhonesVivo 5g PhonesOppo 5g Smart PhonesOppo F15Oppo A31Samsung A71Samsung A51Samsung A31iPhone 11iPhone 11 Pro4G MobileNokia MobileSamsung MobileiphoneOppo MobileVivo Mobile
CAMERAGoPro Action CameraNikon CameraCanon CameraSony CameraCanon DSLRNikon DSLR
LAPTOPSAsus ROG AllyMacBook Pro M2Premium LaptopASUS ROG Strix SCAR 16 (2023) Core i9 13th GenASUS ROG Zephyrus M16 (2023) Core i9 13th GenASUS Zenbook 14 OLED (2022)Realme Book Prime Core i5 11th GenMicrosoft Surface Go Pentium 128GBApple LaptopsAcer LaptopsLenovo LaptopsDell LaptopsAsus LaptopsHP LaptopsGaming Laptops2 in 1 LaptopsLaptopsDell latest laptops 2022HP latest laptops 2022Infinix INBook Y1 PlusSAMSUNG Galaxy Book312th Gen Intel Core Laptops
TVSNokia TVPanasonic TVThomson TVMi X ProRealme TVMotorola TVOnePlus TVsLG TVTVSony TVSamsung TVAndroid TelevisionIffalcon TvMi TV
LARGE APPLIANCES:TelevisionWashing MachinesRefrigeratorsAir ConditionersElectric CookersElectric Jug(Heater) / Travel KettlesInduction CooktopsInverters / stabilizerIrons / Iron BoxMixer Grinder JuicerWet GrindersChimneysMicrowave OvensVacuum CleanersWater PurifierFan
CLOTHINGGreen bridal lehengaTopsShoesSunglassesBridal BlouseHalf saree blouse designsDesigner blousesBlouse designsShirtsCotton saree blouse designsTshirtsJeansSareesDressesOne piecesGroom wedding sherwaniDesigner Salwar SuitsBraCotton simple blouse designsBanarasi saree blouse designsStylish blouse astin designTrack PantBlouse neck designsKurtasParty DressesPalazzo SuitsAnarkaliGownsCut out dressSalwar SuitsKurtisDesigner SareesLeggingsShortsGeorgette SareesEthnic Wearuppada pattu sareesBlouse back designJodhpur pants
FOOTWEAR:Adidas ShoesReebok ShoesNike ShoesPuma ShoesBootsBata ShoesWoodland ShoesSkechers ShoesSneakersWomens BootsSports ShoesLoafersSandalsLotto Sports ShoesCasual ShoesWomens Skechers ShoesAsics Sports ShoesFormal ShoesSchool Shoes
GROCERIESPhonePe Grocery VoucherHand WashSoapCashew NutsSunflower OilEggsToilet CleanerHarpic Toilet CleanerDettol SoapMustard OilBiscuitsCheesePatanjali AttaFortune OilAashirvaad AttaTea
BEST SELLING ON FLIPKARTHeadphonesBest Gas GeyserKitchen GeyserNutri BlendersPortable Air CoolerBest Air CoolerBagsHitachi Refrigerator 3 DoorBooksToysCandlesHelmetsWall ClocksBaby FoodChocolatesCyclesCalculatorsLipsticksMaskVertiv UPSFastrack WatchesWalletsEarringsGold CoinsRealme Pad MiniHandbagsconekt SW2 SmartwatchMivi DuoPods a350Speaker Cleaner
FURNITUREFurnitureSofasBedsDining setsWardrobesMattressesTV UnitsTablesChairsShelvesBean BagsOffice ChairsComputer TableOffice TablesRed SofaWakefit BedsWhite SofaWakefit MattressGreen SofaBlack SofaBrown Sofa
BGMH:Whey ProteinHomeopathyCricketCyclesFootballsTreadmillsChristmas GiftsFitness AccessoriesOnline GuitarBooks StoreMusical Instrument StoreDabur ChyawanprashBaidyanath ChyawanprashEnergy DrinksToysMilk Drink MixesRakhiChyawanprashIndian FlagProtein Supplements
Flipkart: The One-stop Shopping Destination
E-commerce is revolutionizing the way we all shop in India. Why do you want to hop from one store to another in search of the latest phone when you can find it on the Internet in a single click? Not only mobiles. Flipkart houses everything you can possibly imagine, from trending electronics like laptops, tablets, smartphones, and mobile accessories to in-vogue fashion staples like shoes, clothing and lifestyle accessories; from modern furniture like sofa sets, dining tables, and wardrobes to appliances that make your life easy like washing machines, TVs, ACs, mixer grinder juicers and other time-saving kitchen and small appliances; from home furnishings like cushion covers, mattresses and bedsheets to toys and musical instruments, we got them all covered. You name it, and you can stay assured about finding them all here. For those of you with erratic working hours, Flipkart is your best bet. Shop in your PJs, at night or in the wee hours of the morning. This e-commerce never shuts down.

What's more, with our year-round shopping festivals and events, our prices are irresistible. We're sure you'll find yourself picking up more than what you had in mind. If you are wondering why you should shop from Flipkart when there are multiple options available to you, well, the below will answer your question.

Flipkart Plus
A world of limitless possibilities awaits you - Flipkart Plus was kickstarted as a loyalty reward programme for all its regular customers at zero subscription fee. All you need is 500 supercoins to be a part of this service. For every 100 rupees spent on Flipkart order, Plus members earns 4 supercoins & non-plus members earn 2 supercoins. Free delivery, early access during sales and shopping festivals, exchange offers and priority customer service are the top benefits to a Flipkart Plus member. In short, earn more when you shop more!

What's more, you can even use the Flipkart supercoins for a number of exciting services, like:
An annual Zomato Gold membership
An annual Hotstar Premium membership
6 months Gaana plus subscription
Rupees 550 instant discount on flights on ixigo
Check out https://www.flipkart.com/plus/all-offers for the entire list. Terms and conditions apply.

No Cost EMI
In an attempt to make high-end products accessible to all, our No Cost EMI plan enables you to shop with us under EMI, without shelling out any processing fee. Applicable on select mobiles, laptops, large and small appliances, furniture, electronics and watches, you can now shop without burning a hole in your pocket. If you've been eyeing a product for a long time, chances are it may be up for a no cost EMI. Take a look ASAP! Terms and conditions apply.

EMI on Debit Cards
Did you know debit card holders account for 79.38 crore in the country, while there are only 3.14 crore credit card holders? After enabling EMI on Credit Cards, in another attempt to make online shopping accessible to everyone, Flipkart introduces EMI on Debit Cards, empowering you to shop confidently with us without having to worry about pauses in monthly cash flow. At present, we have partnered with Axis Bank, HDFC Bank, State Bank of India and ICICI Bank for this facility. More power to all our shoppers! Terms and conditions apply.

Mobile Exchange Offers
Get an instant discount on the phone that you have been eyeing on. Exchange your old mobile for a new one after the Flipkart experts calculate the value of your old phone, provided it is in a working condition without damage to the screen. If a phone is applicable for an exchange offer, you will see the 'Buy with Exchange' option on the product description of the phone. So, be smart, always opt for an exchange wherever possible. Terms and conditions apply.

What Can You Buy From Flipkart?
Mobile Phones
From budget phones to state-of-the-art smartphones, we have a mobile for everybody out there. Whether you're looking for larger, fuller screens, power-packed batteries, blazing-fast processors, beautification apps, high-tech selfie cameras or just large internal space, we take care of all the essentials. Shop from top brands in the country like Samsung, Apple, Oppo, Xiaomi, Realme, Vivo, and Honor to name a few. Rest assured, you're buying from only the most reliable names in the market. What's more, with Flipkart's Complete Mobile Protection Plan, you will never again find the need to run around service centres. This plan entails you to a number of post-purchase solutions, starting at as low as Rupees 99 only! Broken screens, liquid damage to phone, hardware and software glitches, and replacements - the Flipkart Complete Mobile Protection covers a comprehensive range of post-purchase problems, with door-to-door services.

Electronic Devices and Accessories
When it comes to laptops, we are not far behind. Filter among dozens of super-fast operating systems, hard disk capacity, RAM, lifestyle, screen size and many other criterias for personalized results in a flash. All you students out there, confused about what laptop to get? Our Back To College Store segregates laptops purpose wise (gaming, browsing and research, project work, entertainment, design, multitasking) with recommendations from top brands and industry experts, facilitating a shopping experience that is quicker and simpler.

Photography lovers, you couldn't land at a better page than ours. Cutting-edge DSLR cameras, ever reliable point-and-shoot cameras, millennial favourite instant cameras or action cameras for adventure junkies: our range of cameras is as much for beginners as it is for professionals. Canon, Nikon, GoPro, Sony, and Fujifilm are some big names you'll find in our store. Photography lovers, you couldn't land at a better page than ours. Cutting-edge DSLR cameras, ever reliable point-and-shoot cameras, millennial favourite instant cameras or action cameras for adventure junkies: our range of cameras is as much for beginners as it is for professionals. Canon, Nikon, GoPro, Sony, and Fujifilm are some big names you'll find in our store.

Turn your home into a theatre with a stunning surround sound system. Choose from our elaborate range of Sony home theatres, JBL soundbars and Philips tower speakers for an experience to remember.

How about jazzing up your phone with our quirky designer cases and covers? Our wide-ranging mobile accessories starting from headphones, power banks, memory cards, mobile chargers, to selfie sticks can prove to be ideal travel companions for you and your phone; never again worry about running out of charge or memory on your next vacation.

Large Appliances
Sleek TVs, power-saving refrigerators, rapid-cooling ACs, resourceful washing machines - discover everything you need to run a house under one roof. Our Dependable TV and Appliance Store ensures zero transit damage, with a replacement guarantee if anything goes wrong; delivery and installation as per your convenience and a double warranty (Official Brand Warranty along with an extended Flipkart Warranty) - rest assured, value for money is what is promised and delivered. Shop from market leaders in the country like Samsung, LG, Whirlpool, Midea, Mi, Vu, Panasonic, Godrej, Sony, Daikin, and Hitachi among many others.

[...]

What's more, with our year-round shopping festivals and events, our prices are irresistible. We're sure you'll find yourself picking up more than what you had in mind. If you are wondering why you should shop from Flipkart when there are multiple options available to you, well, the below will answer your question.

Flipkart Plus
A world of limitless possibilities awaits you - Flipkart Plus was kickstarted as a loyalty reward programme for all its regular customers at zero subscription fee. All you need is 500 supercoins to be a part of this service. For every 100 rupees spent on Flipkart order, Plus members earns 4 supercoins & non-plus members earn 2 supercoins. Free delivery, early access during sales and shopping festivals, exchange offers and priority customer service are the top benefits to a Flipkart Plus member. In short, earn more when you shop more!

What's more, you can even use the Flipkart supercoins for a number of exciting services, like:
An annual Zomato Gold membership
An annual Hotstar Premium membership
6 months Gaana plus subscription
Rupees 550 instant discount on flights on ixigo
Check out https://www.flipkart.com/plus/all-offers for the entire list. Terms and conditions apply.

No Cost EMI
In an attempt to make high-end products accessible to all, our No Cost EMI plan enables you to shop with us under EMI, without shelling out any processing fee. Applicable on select mobiles, laptops, large and small appliances, furniture, electronics and watches, you can now shop without burning a hole in your pocket. If you've been eyeing a product for a long time, chances are it may be up for a no cost EMI. Take a look ASAP! Terms and conditions apply.

EMI on Debit Cards
Did you know debit card holders account for 79.38 crore in the country, while there are only 3.14 crore credit card holders? After enabling EMI on Credit Cards, in another attempt to make online shopping accessible to everyone, Flipkart introduces EMI on Debit Cards, empowering you to shop confidently with us without having to worry about pauses in monthly cash flow. At present, we have partnered with Axis Bank, HDFC Bank, State Bank of India and ICICI Bank for this facility. More power to all our shoppers! Terms and conditions apply.

Mobile Exchange Offers
Get an instant discount on the phone that you have been eyeing on. Exchange your old mobile for a new one after the Flipkart experts calculate the value of your old phone, provided it is in a working condition without damage to the screen. If a phone is applicable for an exchange offer, you will see the 'Buy with Exchange' option on the product description of the phone. So, be smart, always opt for an exchange wherever possible. Terms and conditions apply.

What Can You Buy From Flipkart?
Mobile Phones
From budget phones to state-of-the-art smartphones, we have a mobile for everybody out there. Whether you're looking for larger, fuller screens, power-packed batteries, blazing-fast processors, beautification apps, high-tech selfie cameras or just large internal space, we take care of all the essentials. Shop from top brands in the country like Samsung, Apple, Oppo, Xiaomi, Realme, Vivo, and Honor to name a few. Rest assured, you're buying from only the most reliable names in the market. What's more, with Flipkart's Complete Mobile Protection Plan, you will never again find the need to run around service centres. This plan entails you to a number of post-purchase solutions, starting at as low as Rupees 99 only! Broken screens, liquid damage to phone, hardware and software glitches, and replacements - the Flipkart Complete Mobile Protection covers a comprehensive range of post-purchase problems, with door-to-door services.

Electronic Devices and Accessories
When it comes to laptops, we are not far behind. Filter among dozens of super-fast operating systems, hard disk capacity, RAM, lifestyle, screen size and many other criterias for personalized results in a flash. All you students out there, confused about what laptop to get? Our Back To College Store segregates laptops purpose wise (gaming, browsing and research, project work, entertainment, design, multitasking) with recommendations from top brands and industry experts, facilitating a shopping experience that is quicker and simpler.

Photography lovers, you couldn't land at a better page than ours. Cutting-edge DSLR cameras, ever reliable point-and-shoot cameras, millennial favourite instant cameras or action cameras for adventure junkies: our range of cameras is as much for beginners as it is for professionals. Canon, Nikon, GoPro, Sony, and Fujifilm are some big names you'll find in our store. Photography lovers, you couldn't land at a better page than ours. Cutting-edge DSLR cameras, ever reliable point-and-shoot cameras, millennial favourite instant cameras or action cameras for adventure junkies: our range of cameras is as much for beginners as it is for professionals. Canon, Nikon, GoPro, Sony, and Fujifilm are some big names you'll find in our store.

Turn your home into a theatre with a stunning surround sound system. Choose from our elaborate range of Sony home theatres, JBL soundbars and Philips tower speakers for an experience to remember.

How about jazzing up your phone with our quirky designer cases and covers? Our wide-ranging mobile accessories starting from headphones, power banks, memory cards, mobile chargers, to selfie sticks can prove to be ideal travel companions for you and your phone; never again worry about running out of charge or memory on your next vacation.

Large Appliances
Sleek TVs, power-saving refrigerators, rapid-cooling ACs, resourceful washing machines - discover everything you need to run a house under one roof. Our Dependable TV and Appliance Store ensures zero transit damage, with a replacement guarantee if anything goes wrong; delivery and installation as per your convenience and a double warranty (Official Brand Warranty along with an extended Flipkart Warranty) - rest assured, value for money is what is promised and delivered. Shop from market leaders in the country like Samsung, LG, Whirlpool, Midea, Mi, Vu, Panasonic, Godrej, Sony, Daikin, and Hitachi among many others.

For certain product categories, Customers meeting the eligibility criteria will have the option to buy larger quantities. To know more on the eligibility criteria and terms and conditions, please reach out to Purchases.oni@flipkart.com.

Small Home Appliances
Find handy and practical home appliances designed to make your life simpler: electric kettles, OTGs, microwave ovens, sandwich makers, hand blenders, coffee makers, and many more other time-saving appliances that are truly crafted for a quicker lifestyle. Live life king size with these appliances at home.

Lifestyle
Flipkart, 'India ka Fashion Capital', is your one-stop fashion destination for anything and everything you need to look good. Our exhaustive range of Western and Indian wear, summer and winter clothing, formal and casual footwear, bridal and artificial jewellery, long-lasting make-up, grooming tools and accessories are sure to sweep you off your feet. Shop from crowd favourites like Vero Moda, Forever 21, Only, Arrow, Woodland, Nike, Puma, Revlon, Mac, and Sephora among dozens of other top-of-the-ladder names. From summer staple maxi dresses, no-nonsense cigarette pants, traditional Bandhani kurtis to street-smart biker jackets, you can rely on us for a wardrobe that is up to date. Explore our in-house brands like Metronaut, Anmi, and Denizen, to name a few, for carefully curated designs that are the talk of the town. Get ready to be spoiled for choice.Festivals, office get-togethers, weddings, brunches, or nightwear - Flipkart will have your back each time.

Home and Furniture
Moving to a new place is never easy, especially if you're buying new furniture. Beds, sofa sets, dining tables, wardrobes, and TV units - it's not easy to set up everything again. With the hundreds of options thrown at you, the ride could be overwhelming. What place is reliable, what furniture will stand the test of time? These are questions you must ask before you choose a store. Well, our Durability Certified Furniture Store has not only curated a range of furniture keeping in mind the modern Indian consumer but furniture that comes with a lab certification, ensuring they last you for up to 10 years. Yes, all our furniture has gone through 35 stability and load tests so that you receive only the best-quality furniture. Be FurniSure, always. Names to look out for are Nilkamal, Godrej Interio, Urban Ladder, HomeTown, Durian and Perfect Homes.

You may have your furniture all set up, but they could end up looking flat and incomplete without complementary decor. Curtains, cushion covers, bed sheets, wall shelves, paintings, floor lamps - find everything that turns a house to an inviting home under one roof at Flipkart.

Baby and Kids
Your kids deserve only the best. From bodysuits, booties, diapers to strollers, if you're an expecting mother or a new mother, you will find everything you need to set sail on a smooth parenting journey with the help of our baby care collection. When it comes to safety, hygiene and comfort, you can rely on us without a second thought. Huggies, Pampers, MamyPoko, and Johnson & Johnson: we host only the most-trusted names in the business for your baby.

Books, Sports and Games
Work hard and no play? We don't believe in that. Get access to best-selling fiction and non-fiction books by your favourite authors, thrilling English and Indian blockbusters, most-wanted gaming consoles, and a tempting range of fitness and sports gadgets and equipment bound to inspire you to get moving.

Grocery/Supermart
Launching into the grocery vertical, Flipkart introduces Supermart that is out to bring everyday essentials close to you. From pulses, spices, dairy, personal and sanitary care, breakfast essentials, health drinks, spreads, ready to cook, grooming to cleaning agents, we are happy to present everything you need to run a house. Now buy Grocery products for as low as 1 Rupee only - our 1 Rupee Store presents new products every day for a nominal price of 1 Rupee only. Terms and conditions apply.
Tag Name: h1, Text: Flipkart: The One-stop Shopping Destination
Tag Name: br, Text: 
Tag Name: br, Text: 
Tag Name: br, Text: 
Tag Name: br, Text: 
Tag Name: h2, Text: Flipkart Plus
Tag Name: br, Text: 
Tag Name: br, Text: 
Tag Name: br, Text: 
Tag Name: br, Text: 
Tag Name: br, Text: 
Tag Name: br, Text: 
Tag Name: br, Text: 
Tag Name: br, Text: 
Tag Name: br, Text: 
Tag Name: h2, Text: No Cost EMI
Tag Name: br, Text: 
Tag Name: br, Text: 
Tag Name: h2, Text: EMI on Debit Cards
Tag Name: br, Text: 
Tag Name: br, Text: 
Tag Name: h2, Text: Mobile Exchange Offers
Tag Name: br, Text: 
Tag Name: br, Text: 
Tag Name: h2, Text: What Can You Buy From Flipkart?
Tag Name: h2, Text: Mobile Phones
Tag Name: b, Text: the Flipkart Complete Mobile Protection
Tag Name: br, Text: 
Tag Name: br, Text: 
Tag Name: h2, Text: Electronic Devices and Accessories
Tag Name: b, Text: Back To College Store
Tag Name: br, Text: 
Tag Name: br, Text: 
Tag Name: br, Text: 
Tag Name: br, Text: 
Tag Name: br, Text: 
Tag Name: br, Text: 
Tag Name: br, Text: 
Tag Name: br, Text: 
Tag Name: h2, Text: Large Appliances
Tag Name: b, Text: Dependable TV and Appliance Store
Tag Name: br, Text: 
Tag Name: br, Text: 
Tag Name: a, Text: Purchases.oni@flipkart.com
Tag Name: br, Text: 
Tag Name: br, Text: 
Tag Name: h2, Text: Small Home Appliances
Tag Name: br, Text: 
Tag Name: br, Text: 
Tag Name: h2, Text: Lifestyle
Tag Name: b, Text: 'India ka Fashion Capital'
Tag Name: br, Text: 
Tag Name: br, Text: 
Tag Name: h2, Text: Home and Furniture
Tag Name: b, Text: Durability Certified Furniture Store
Tag Name: b, Text: Be FurniSure
Tag Name: br, Text: 
Tag Name: br, Text: 
Tag Name: br, Text: 
Tag Name: br, Text: 
Tag Name: h2, Text: Baby and Kids
Tag Name: br, Text: 
Tag Name: br, Text: 
Tag Name: h2, Text: Books, Sports and Games
Tag Name: br, Text: 
Tag Name: br, Text: 
Tag Name: h2, Text: Grocery/Supermart
Tag Name: b, Text: Supermart
Tag Name: b, Text: 1 Rupee Store
Tag Name: div, Text: ABOUT
Contact Us
About Us
Careers
Flipkart Stories
Press
Corporate Information
GROUP COMPANIES
Myntra
Flipkart Wholesale
Cleartrip
Shopsy
HELP
Payments
Shipping
Cancellation & Returns
FAQ
Report Infringement
CONSUMER POLICY
Cancellation & Returns
Terms Of Use
Security
Privacy
Sitemap
Grievance Redressal
EPR Compliance
Mail Us:
Flipkart Internet Private Limited,
Buildings Alyssa, Begonia &
Clove Embassy Tech Village,
Outer Ring Road, Devarabeesanahalli Village,
Bengaluru, 560103,
Karnataka, India
Social:
Registered Office Address:
Flipkart Internet Private Limited,
Buildings Alyssa, Begonia &
Clove Embassy Tech Village,
Outer Ring Road, Devarabeesanahalli Village,
Bengaluru, 560103,
Karnataka, India
CIN : U51109KA2012PTC066107
Telephone: 044-45614700
Become a Seller
Advertise
Gift Cards
Help Center
© 2007-2024 Flipkart.com
Tag Name: div, Text: ABOUT
Contact Us
About Us
Careers
Flipkart Stories
Press
Corporate Information
GROUP COMPANIES
Myntra
Flipkart Wholesale
Cleartrip
Shopsy
HELP
Payments
Shipping
Cancellation & Returns
FAQ
Report Infringement
CONSUMER POLICY
Cancellation & Returns
Terms Of Use
Security
Privacy
Sitemap
Grievance Redressal
EPR Compliance
Mail Us:
Flipkart Internet Private Limited,
Buildings Alyssa, Begonia &
Clove Embassy Tech Village,
Outer Ring Road, Devarabeesanahalli Village,
Bengaluru, 560103,
Karnataka, India
Social:
Registered Office Address:
Flipkart Internet Private Limited,
Buildings Alyssa, Begonia &
Clove Embassy Tech Village,
Outer Ring Road, Devarabeesanahalli Village,
Bengaluru, 560103,
Karnataka, India
CIN : U51109KA2012PTC066107
Telephone: 044-45614700
Tag Name: div, Text: ABOUT
Contact Us
About Us
Careers
Flipkart Stories
Press
Corporate Information
Tag Name: div, Text: ABOUT
Tag Name: a, Text: Contact Us
Tag Name: a, Text: About Us
Tag Name: a, Text: Careers
Tag Name: a, Text: Flipkart Stories
Tag Name: a, Text: Press
Tag Name: a, Text: Corporate Information
Tag Name: div, Text: GROUP COMPANIES
Myntra
Flipkart Wholesale
Cleartrip
Shopsy
Tag Name: div, Text: GROUP COMPANIES
Tag Name: a, Text: Myntra
Tag Name: a, Text: Flipkart Wholesale
Tag Name: a, Text: Cleartrip
Tag Name: a, Text: Shopsy
Tag Name: div, Text: HELP
Payments
Shipping
Cancellation & Returns
FAQ
Report Infringement
Tag Name: div, Text: HELP
Tag Name: a, Text: Payments
Tag Name: a, Text: Shipping
Tag Name: a, Text: Cancellation & Returns
Tag Name: a, Text: FAQ
Tag Name: a, Text: Report Infringement
Tag Name: div, Text: CONSUMER POLICY
Cancellation & Returns
Terms Of Use
Security
Privacy
Sitemap
Grievance Redressal
EPR Compliance
Tag Name: div, Text: CONSUMER POLICY
Tag Name: a, Text: Cancellation & Returns
Tag Name: a, Text: Terms Of Use
Tag Name: a, Text: Security
Tag Name: a, Text: Privacy
Tag Name: a, Text: Sitemap
Tag Name: a, Text: Grievance Redressal
Tag Name: a, Text: EPR Compliance
Tag Name: div, Text: Mail Us:
Flipkart Internet Private Limited,
Buildings Alyssa, Begonia &
Clove Embassy Tech Village,
Outer Ring Road, Devarabeesanahalli Village,
Bengaluru, 560103,
Karnataka, India
Social:
Tag Name: div, Text: Mail Us:
Tag Name: div, Text: Flipkart Internet Private Limited,
Buildings Alyssa, Begonia &
Clove Embassy Tech Village,
Outer Ring Road, Devarabeesanahalli Village,
Bengaluru, 560103,
Karnataka, India
Tag Name: p, Text: Flipkart Internet Private Limited,
Tag Name: p, Text: Buildings Alyssa, Begonia &
Tag Name: p, Text: Clove Embassy Tech Village,
Tag Name: p, Text: Outer Ring Road, Devarabeesanahalli Village,
Tag Name: p, Text: Bengaluru, 560103,
Tag Name: p, Text: Karnataka, India
Tag Name: div, Text: Social:
Tag Name: div, Text: 
Tag Name: div, Text: 
Tag Name: a, Text: 
Tag Name: img, Text: 
Tag Name: div, Text: 
Tag Name: a, Text: 
Tag Name: img, Text: 
Tag Name: div, Text: 
Tag Name: a, Text: 
Tag Name: img, Text: 
Tag Name: div, Text: Registered Office Address:
Flipkart Internet Private Limited,
Buildings Alyssa, Begonia &
Clove Embassy Tech Village,
Outer Ring Road, Devarabeesanahalli Village,
Bengaluru, 560103,
Karnataka, India
CIN : U51109KA2012PTC066107
Telephone: 044-45614700
Tag Name: div, Text: Registered Office Address:
Tag Name: div, Text: Flipkart Internet Private Limited,
Buildings Alyssa, Begonia &
Clove Embassy Tech Village,
Outer Ring Road, Devarabeesanahalli Village,
Bengaluru, 560103,
Karnataka, India
CIN : U51109KA2012PTC066107
Telephone: 044-45614700
Tag Name: p, Text: Flipkart Internet Private Limited,
Tag Name: p, Text: Buildings Alyssa, Begonia &
Tag Name: p, Text: Clove Embassy Tech Village,
Tag Name: p, Text: Outer Ring Road, Devarabeesanahalli Village,
Tag Name: p, Text: Bengaluru, 560103,
Tag Name: p, Text: Karnataka, India
Tag Name: p, Text: CIN : U51109KA2012PTC066107
Tag Name: p, Text: 
Tag Name: p, Text: Telephone: 044-45614700
Tag Name: a, Text: 044-45614700
Tag Name: div, Text: Become a Seller
Advertise
Gift Cards
Help Center
© 2007-2024 Flipkart.com
Tag Name: div, Text: Become a Seller
Tag Name: img, Text: 
Tag Name: a, Text: Become a Seller
Tag Name: span, Text: Become a Seller
Tag Name: div, Text: Advertise
Tag Name: img, Text: 
Tag Name: a, Text: Advertise
Tag Name: span, Text: Advertise
Tag Name: div, Text: Gift Cards
Tag Name: img, Text: 
Tag Name: a, Text: Gift Cards
Tag Name: span, Text: Gift Cards
Tag Name: div, Text: Help Center
Tag Name: img, Text: 
Tag Name: a, Text: Help Center
Tag Name: span, Text: Help Center
Tag Name: span, Text: © 2007-2024 Flipkart.com
Tag Name: span, Text: Flipkart.com
Tag Name: img, Text: 
Tag Name: div, Text: Liked the new design ?
Tag Name: div, Text: Liked the new design ?
Tag Name: div, Text: Liked the new design ?
Tag Name: span, Text: Liked the new design ?
Tag Name: img, Text: 
Tag Name: div, Text: 
Tag Name: div, Text: 
Tag Name: img, Text: 
Tag Name: div, Text: 
Tag Name: img, Text: 
Tag Name: div, Text: 
Tag Name: div, Text: 
Tag Name: div, Text: 
Tag Name: div, Text: 
Tag Name: div, Text: 
Tag Name: div, Text: 
Tag Name: div, Text: 
Tag Name: div, Text: 
Tag Name: div, Text: 
Tag Name: div, Text: 
Tag Name: div, Text: 
Tag Name: div, Text: 
Tag Name: div, Text: 
Tag Name: div, Text: 
Tag Name: div, Text: 
Tag Name: div, Text: 
Tag Name: footer, Text: 
Tag Name: script, Text: 
Tag Name: script, Text: 
Tag Name: script, Text: 
Tag Name: script, Text: 
Tag Name: script, Text: 
Tag Name: script, Text: 
Tag Name: script, Text: 
Tag Name: script, Text: 
Tag Name: script, Text: 
Tag Name: script, Text: 
Tag Name: script, Text: 
Tag Name: script, Text: 
Tag Name: script, Text: 
Tag Name: script, Text: 
Tag Name: script, Text: 
Tag Name: div, Text: 
]]></system-out>
    <system-err><![CDATA[SLF4J(W): No SLF4J providers were found.
SLF4J(W): Defaulting to no-operation (NOP) logger implementation
SLF4J(W): See https://www.slf4j.org/codes.html#noProviders for further details.
Starting ChromeDriver 124.0.6367.91 (51df0e5e17a8b0a4f281c1665dbd1b8a0c6b46af-refs/branch-heads/6367@{#984}) on port 25136
Only local connections are allowed.
Please see https://chromedriver.chromium.org/security-considerations for suggestions on keeping ChromeDriver safe.
ChromeDriver was started successfully.
May 01, 2024 3:55:36 PM org.openqa.selenium.remote.ProtocolHandshake createSession
INFO: Detected dialect: W3C
]]></system-err>
  </testcase>
</testsuite>